
############################
INFO: You are using the old nnU-Net default plans. We have updated our recommendations. Please consider using those instead! Read more here: https://github.com/MIC-DKFZ/nnUNet/blob/master/documentation/resenc_presets.md
############################

using port 48387
I am local rank 1. 4 GPUs are available. The world size is 4.Setting device to cuda

#######################################################################
Please cite the following paper when using nnU-Net:
Isensee, F., Jaeger, P. F., Kohl, S. A., Petersen, J., & Maier-Hein, K. H. (2021). nnU-Net: a self-configuring method for deep learning-based biomedical image segmentation. Nature methods, 18(2), 203-211.
#######################################################################

worker 1 oversample 0.5
worker 1 batch_size 2
Using torch.compile...
do_dummy_2d_data_aug: True
Creating new 5-fold cross-validation split...
Desired fold for training: 4
This split has 108 training and 26 validation cases.
I am local rank 3. 4 GPUs are available. The world size is 4.Setting device to cuda

#######################################################################
Please cite the following paper when using nnU-Net:
Isensee, F., Jaeger, P. F., Kohl, S. A., Petersen, J., & Maier-Hein, K. H. (2021). nnU-Net: a self-configuring method for deep learning-based biomedical image segmentation. Nature methods, 18(2), 203-211.
#######################################################################

worker 3 oversample 1.0
worker 3 batch_size 2
Using torch.compile...
do_dummy_2d_data_aug: True
Creating new 5-fold cross-validation split...
Desired fold for training: 4
This split has 108 training and 26 validation cases.
I am local rank 2. 4 GPUs are available. The world size is 4.Setting device to cuda

#######################################################################
Please cite the following paper when using nnU-Net:
Isensee, F., Jaeger, P. F., Kohl, S. A., Petersen, J., & Maier-Hein, K. H. (2021). nnU-Net: a self-configuring method for deep learning-based biomedical image segmentation. Nature methods, 18(2), 203-211.
#######################################################################

worker 2 oversample 1.0
worker 2 batch_size 2
Using torch.compile...
do_dummy_2d_data_aug: True
Creating new 5-fold cross-validation split...
Desired fold for training: 4
This split has 108 training and 26 validation cases.
I am local rank 0. 4 GPUs are available. The world size is 4.Setting device to cuda

#######################################################################
Please cite the following paper when using nnU-Net:
Isensee, F., Jaeger, P. F., Kohl, S. A., Petersen, J., & Maier-Hein, K. H. (2021). nnU-Net: a self-configuring method for deep learning-based biomedical image segmentation. Nature methods, 18(2), 203-211.
#######################################################################

worker 0 oversample 0.0
worker 0 batch_size 2
2025-09-30 00:20:08.307706: Using torch.compile...
2025-09-30 00:20:53.983691: do_dummy_2d_data_aug: True
2025-09-30 00:20:54.005943: Creating new 5-fold cross-validation split...
2025-09-30 00:20:54.016860: Desired fold for training: 4
2025-09-30 00:20:54.019583: This split has 108 training and 26 validation cases.
using pin_memory on device 3
using pin_memory on device 0
using pin_memory on device 2
using pin_memory on device 1
using pin_memory on device 2
Unable to plot network architecture: nnUNet_compile is enabled!

Epoch 0
Current learning rate: 0.005
train_loss 0.0172
val_loss -0.0235
Pseudo dice [np.float32(0.2889)]
Epoch time: 369.44 s
Yayy! New best EMA pseudo Dice: 0.2888999879360199

Epoch 1
Current learning rate: 0.00495
train_loss -0.1307
val_loss -0.1142
Pseudo dice [np.float32(0.4391)]
Epoch time: 113.62 s
Yayy! New best EMA pseudo Dice: 0.30390000343322754

Epoch 2
Current learning rate: 0.00491
train_loss -0.212
val_loss -0.1902
Pseudo dice [np.float32(0.5774)]
Epoch time: 110.22 s
Yayy! New best EMA pseudo Dice: 0.3312999904155731

Epoch 3
Current learning rate: 0.00486
train_loss -0.2494
val_loss -0.167
Pseudo dice [np.float32(0.531)]
Epoch time: 112.08 s
Yayy! New best EMA pseudo Dice: 0.35120001435279846

Epoch 4
Current learning rate: 0.00482
train_loss -0.2817
val_loss -0.2108
Pseudo dice [np.float32(0.5931)]
Epoch time: 110.54 s
Yayy! New best EMA pseudo Dice: 0.37540000677108765

Epoch 5
Current learning rate: 0.00477
train_loss -0.3101
val_loss -0.2363
Pseudo dice [np.float32(0.6186)]
Epoch time: 111.09 s
Yayy! New best EMA pseudo Dice: 0.39969998598098755

Epoch 6
Current learning rate: 0.00473
train_loss -0.3147
val_loss -0.2251
Pseudo dice [np.float32(0.6187)]
Epoch time: 111.0 s
Yayy! New best EMA pseudo Dice: 0.42160001397132874

Epoch 7
Current learning rate: 0.00468
train_loss -0.3281
val_loss -0.2437
Pseudo dice [np.float32(0.6323)]
Epoch time: 109.65 s
Yayy! New best EMA pseudo Dice: 0.44269999861717224

Epoch 8
Current learning rate: 0.00464
train_loss -0.3456
val_loss -0.2276
Pseudo dice [np.float32(0.6092)]
Epoch time: 109.75 s
Yayy! New best EMA pseudo Dice: 0.4593999981880188

Epoch 9
Current learning rate: 0.00459
train_loss -0.3528
val_loss -0.2483
Pseudo dice [np.float32(0.6183)]
Epoch time: 109.96 s
Yayy! New best EMA pseudo Dice: 0.47530001401901245

Epoch 10
Current learning rate: 0.00455
train_loss -0.3594
val_loss -0.2221
Pseudo dice [np.float32(0.6395)]
Epoch time: 110.61 s
Yayy! New best EMA pseudo Dice: 0.4916999936103821

Epoch 11
Current learning rate: 0.0045
train_loss -0.3859
val_loss -0.279
Pseudo dice [np.float32(0.6767)]
Epoch time: 110.13 s
Yayy! New best EMA pseudo Dice: 0.510200023651123

Epoch 12
Current learning rate: 0.00446
train_loss -0.379
val_loss -0.27
Pseudo dice [np.float32(0.6828)]
Epoch time: 109.99 s
Yayy! New best EMA pseudo Dice: 0.527400016784668

Epoch 13
Current learning rate: 0.00441
train_loss -0.3955
val_loss -0.2698
Pseudo dice [np.float32(0.6649)]
Epoch time: 109.22 s
Yayy! New best EMA pseudo Dice: 0.5411999821662903

Epoch 14
Current learning rate: 0.00437
train_loss -0.4073
val_loss -0.2747
Pseudo dice [np.float32(0.6456)]
Epoch time: 110.27 s
Yayy! New best EMA pseudo Dice: 0.5515999794006348

Epoch 15
Current learning rate: 0.00432
train_loss -0.3976
val_loss -0.2467
Pseudo dice [np.float32(0.6627)]
Epoch time: 109.97 s
Yayy! New best EMA pseudo Dice: 0.5626999735832214

Epoch 16
Current learning rate: 0.00427
train_loss -0.4177
val_loss -0.2548
Pseudo dice [np.float32(0.6402)]
Epoch time: 109.9 s
Yayy! New best EMA pseudo Dice: 0.5705000162124634

Epoch 17
Current learning rate: 0.00423
train_loss -0.4113
val_loss -0.2816
Pseudo dice [np.float32(0.6211)]
Epoch time: 108.8 s
Yayy! New best EMA pseudo Dice: 0.5755000114440918

Epoch 18
Current learning rate: 0.00418
train_loss -0.4354
val_loss -0.2307
Pseudo dice [np.float32(0.6397)]
Epoch time: 109.91 s
Yayy! New best EMA pseudo Dice: 0.5820000171661377

Epoch 19
Current learning rate: 0.00414
train_loss -0.431
val_loss -0.2722
Pseudo dice [np.float32(0.6769)]
Epoch time: 111.11 s
Yayy! New best EMA pseudo Dice: 0.5914999842643738

Epoch 20
Current learning rate: 0.00409
train_loss -0.4289
val_loss -0.2643
Pseudo dice [np.float32(0.6564)]
Epoch time: 109.89 s
Yayy! New best EMA pseudo Dice: 0.5979999899864197

Epoch 21
Current learning rate: 0.00404
train_loss -0.4326
val_loss -0.266
Pseudo dice [np.float32(0.652)]
Epoch time: 109.2 s
Yayy! New best EMA pseudo Dice: 0.6033999919891357

Epoch 22
Current learning rate: 0.004
train_loss -0.4352
val_loss -0.2553
Pseudo dice [np.float32(0.6612)]
Epoch time: 109.31 s
Yayy! New best EMA pseudo Dice: 0.6090999841690063

Epoch 23
Current learning rate: 0.00395
train_loss -0.4439
val_loss -0.2752
Pseudo dice [np.float32(0.6556)]
Epoch time: 109.43 s
Yayy! New best EMA pseudo Dice: 0.6137999892234802

Epoch 24
Current learning rate: 0.00391
train_loss -0.4567
val_loss -0.2751
Pseudo dice [np.float32(0.6353)]
Epoch time: 108.62 s
Yayy! New best EMA pseudo Dice: 0.6158999800682068

Epoch 25
Current learning rate: 0.00386
train_loss -0.4568
val_loss -0.2639
Pseudo dice [np.float32(0.6629)]
Epoch time: 108.65 s
Yayy! New best EMA pseudo Dice: 0.6205999851226807

Epoch 26
Current learning rate: 0.00381
train_loss -0.4596
val_loss -0.2612
Pseudo dice [np.float32(0.6492)]
Epoch time: 109.38 s
Yayy! New best EMA pseudo Dice: 0.6234999895095825

Epoch 27
Current learning rate: 0.00377
train_loss -0.4676
val_loss -0.2478
Pseudo dice [np.float32(0.6767)]
Epoch time: 109.09 s
Yayy! New best EMA pseudo Dice: 0.6287999749183655

Epoch 28
Current learning rate: 0.00372
train_loss -0.4745
val_loss -0.2609
Pseudo dice [np.float32(0.6098)]
Epoch time: 108.93 s

Epoch 29
Current learning rate: 0.00367
train_loss -0.4708
val_loss -0.2689
Pseudo dice [np.float32(0.645)]
Epoch time: 109.25 s

Epoch 30
Current learning rate: 0.00363
train_loss -0.4742
val_loss -0.2548
Pseudo dice [np.float32(0.6428)]
Epoch time: 109.26 s
Yayy! New best EMA pseudo Dice: 0.6301000118255615

Epoch 31
Current learning rate: 0.00358
train_loss -0.4794
val_loss -0.2541
Pseudo dice [np.float32(0.6477)]
Epoch time: 109.59 s
Yayy! New best EMA pseudo Dice: 0.6319000124931335

Epoch 32
Current learning rate: 0.00353
train_loss -0.4994
val_loss -0.2538
Pseudo dice [np.float32(0.6468)]
Epoch time: 109.32 s
Yayy! New best EMA pseudo Dice: 0.633400022983551

Epoch 33
Current learning rate: 0.00349
train_loss -0.4985
val_loss -0.2841
Pseudo dice [np.float32(0.683)]
Epoch time: 109.9 s
Yayy! New best EMA pseudo Dice: 0.6383000016212463

Epoch 34
Current learning rate: 0.00344
train_loss -0.4849
val_loss -0.2618
Pseudo dice [np.float32(0.6641)]
Epoch time: 109.66 s
Yayy! New best EMA pseudo Dice: 0.6409000158309937

Epoch 35
Current learning rate: 0.00339
train_loss -0.511
val_loss -0.2626
Pseudo dice [np.float32(0.6406)]
Epoch time: 109.43 s

Epoch 36
Current learning rate: 0.00335
train_loss -0.5058
val_loss -0.2681
Pseudo dice [np.float32(0.6768)]
Epoch time: 110.03 s
Yayy! New best EMA pseudo Dice: 0.6445000171661377

Epoch 37
Current learning rate: 0.0033
train_loss -0.489
val_loss -0.2398
Pseudo dice [np.float32(0.6616)]
Epoch time: 108.93 s
Yayy! New best EMA pseudo Dice: 0.6462000012397766

Epoch 38
Current learning rate: 0.00325
train_loss -0.4965
val_loss -0.2709
Pseudo dice [np.float32(0.6395)]
Epoch time: 112.53 s

Epoch 39
Current learning rate: 0.0032
train_loss -0.5184
val_loss -0.2934
Pseudo dice [np.float32(0.6837)]
Epoch time: 108.94 s
Yayy! New best EMA pseudo Dice: 0.6492999792098999

Epoch 40
Current learning rate: 0.00316
train_loss -0.5116
val_loss -0.2654
Pseudo dice [np.float32(0.6759)]
Epoch time: 109.24 s
Yayy! New best EMA pseudo Dice: 0.6520000100135803

Epoch 41
Current learning rate: 0.00311
train_loss -0.5203
val_loss -0.2506
Pseudo dice [np.float32(0.6373)]
Epoch time: 109.69 s

Epoch 42
Current learning rate: 0.00306
train_loss -0.5257
val_loss -0.2742
Pseudo dice [np.float32(0.691)]
Epoch time: 109.74 s
Yayy! New best EMA pseudo Dice: 0.6546000242233276

Epoch 43
Current learning rate: 0.00301
train_loss -0.5223
val_loss -0.3022
Pseudo dice [np.float32(0.6584)]
Epoch time: 108.46 s
Yayy! New best EMA pseudo Dice: 0.6549999713897705

Epoch 44
Current learning rate: 0.00297
train_loss -0.5476
val_loss -0.2689
Pseudo dice [np.float32(0.6422)]
Epoch time: 109.16 s

Epoch 45
Current learning rate: 0.00292
train_loss -0.528
val_loss -0.2556
Pseudo dice [np.float32(0.6493)]
Epoch time: 109.81 s

Epoch 46
Current learning rate: 0.00287
train_loss -0.531
val_loss -0.3136
Pseudo dice [np.float32(0.7015)]
Epoch time: 109.24 s
Yayy! New best EMA pseudo Dice: 0.6581000089645386

Epoch 47
Current learning rate: 0.00282
train_loss -0.522
val_loss -0.2953
Pseudo dice [np.float32(0.6595)]
Epoch time: 109.44 s
Yayy! New best EMA pseudo Dice: 0.6582000255584717

Epoch 48
Current learning rate: 0.00278
train_loss -0.5407
val_loss -0.289
Pseudo dice [np.float32(0.691)]
Epoch time: 108.84 s
Yayy! New best EMA pseudo Dice: 0.6614999771118164

Epoch 49
Current learning rate: 0.00273
train_loss -0.5345
val_loss -0.2837
Pseudo dice [np.float32(0.6606)]
Epoch time: 108.76 s

Epoch 50
Current learning rate: 0.00268
train_loss -0.5546
val_loss -0.2716
Pseudo dice [np.float32(0.6627)]
Epoch time: 109.55 s
Yayy! New best EMA pseudo Dice: 0.6614999771118164

Epoch 51
Current learning rate: 0.00263
train_loss -0.551
val_loss -0.2442
Pseudo dice [np.float32(0.6788)]
Epoch time: 109.21 s
Yayy! New best EMA pseudo Dice: 0.6632999777793884

Epoch 52
Current learning rate: 0.00258
train_loss -0.5474
val_loss -0.244
Pseudo dice [np.float32(0.662)]
Epoch time: 108.69 s

Epoch 53
Current learning rate: 0.00253
train_loss -0.5554
val_loss -0.2755
Pseudo dice [np.float32(0.6885)]
Epoch time: 109.43 s
Yayy! New best EMA pseudo Dice: 0.6657000184059143

Epoch 54
Current learning rate: 0.00249
train_loss -0.5638
val_loss -0.2839
Pseudo dice [np.float32(0.6761)]
Epoch time: 109.03 s
Yayy! New best EMA pseudo Dice: 0.666700005531311

Epoch 55
Current learning rate: 0.00244
train_loss -0.5612
val_loss -0.268
Pseudo dice [np.float32(0.6697)]
Epoch time: 108.55 s
Yayy! New best EMA pseudo Dice: 0.6669999957084656

Epoch 56
Current learning rate: 0.00239
train_loss -0.5601
val_loss -0.2879
Pseudo dice [np.float32(0.6719)]
Epoch time: 109.39 s
Yayy! New best EMA pseudo Dice: 0.6675000190734863

Epoch 57
Current learning rate: 0.00234
train_loss -0.5669
val_loss -0.2897
Pseudo dice [np.float32(0.6707)]
Epoch time: 108.37 s
Yayy! New best EMA pseudo Dice: 0.6678000092506409

Epoch 58
Current learning rate: 0.00229
train_loss -0.5602
val_loss -0.2559
Pseudo dice [np.float32(0.6642)]
Epoch time: 109.26 s

Epoch 59
Current learning rate: 0.00224
train_loss -0.5727
val_loss -0.2478
Pseudo dice [np.float32(0.6387)]
Epoch time: 109.37 s

Epoch 60
Current learning rate: 0.00219
train_loss -0.581
val_loss -0.2617
Pseudo dice [np.float32(0.658)]
Epoch time: 109.29 s

Epoch 61
Current learning rate: 0.00214
train_loss -0.5715
val_loss -0.2867
Pseudo dice [np.float32(0.6788)]
Epoch time: 108.82 s

Epoch 62
Current learning rate: 0.00209
train_loss -0.5715
val_loss -0.2605
Pseudo dice [np.float32(0.6351)]
Epoch time: 109.11 s

Epoch 63
Current learning rate: 0.00204
train_loss -0.5754
val_loss -0.2727
Pseudo dice [np.float32(0.6589)]
Epoch time: 108.91 s

Epoch 64
Current learning rate: 0.00199
train_loss -0.5824
val_loss -0.2805
Pseudo dice [np.float32(0.6569)]
Epoch time: 108.45 s

Epoch 65
Current learning rate: 0.00194
train_loss -0.5858
val_loss -0.2658
Pseudo dice [np.float32(0.6515)]
Epoch time: 109.05 s

Epoch 66
Current learning rate: 0.00189
train_loss -0.583
val_loss -0.2363
Pseudo dice [np.float32(0.6615)]
Epoch time: 108.52 s

Epoch 67
Current learning rate: 0.00184
train_loss -0.5842
val_loss -0.2634
Pseudo dice [np.float32(0.6466)]
Epoch time: 107.54 s

Epoch 68
Current learning rate: 0.00179
train_loss -0.5846
val_loss -0.2742
Pseudo dice [np.float32(0.6516)]
Epoch time: 110.4 s

Epoch 69
Current learning rate: 0.00174
train_loss -0.5848
val_loss -0.3139
Pseudo dice [np.float32(0.6939)]
Epoch time: 108.64 s

Epoch 70
Current learning rate: 0.00169
train_loss -0.5927
val_loss -0.3013
Pseudo dice [np.float32(0.6782)]
Epoch time: 108.86 s

Epoch 71
Current learning rate: 0.00164
train_loss -0.598
val_loss -0.2759
Pseudo dice [np.float32(0.688)]
Epoch time: 109.34 s

Epoch 72
Current learning rate: 0.00159
train_loss -0.5995
val_loss -0.2732
Pseudo dice [np.float32(0.6662)]
Epoch time: 108.82 s

Epoch 73
Current learning rate: 0.00154
train_loss -0.6021
val_loss -0.2718
Pseudo dice [np.float32(0.6719)]
Epoch time: 108.53 s

Epoch 74
Current learning rate: 0.00149
train_loss -0.5857
val_loss -0.2784
Pseudo dice [np.float32(0.6815)]
Epoch time: 108.34 s
Yayy! New best EMA pseudo Dice: 0.6680999994277954

Epoch 75
Current learning rate: 0.00144
train_loss -0.5997
val_loss -0.2955
Pseudo dice [np.float32(0.6431)]
Epoch time: 108.55 s

Epoch 76
Current learning rate: 0.00138
train_loss -0.599
val_loss -0.2558
Pseudo dice [np.float32(0.6353)]
Epoch time: 109.0 s

Epoch 77
Current learning rate: 0.00133
train_loss -0.6027
val_loss -0.2887
Pseudo dice [np.float32(0.6579)]
Epoch time: 109.12 s

Epoch 78
Current learning rate: 0.00128
train_loss -0.6091
val_loss -0.2785
Pseudo dice [np.float32(0.6869)]
Epoch time: 110.18 s

Epoch 79
Current learning rate: 0.00123
train_loss -0.6108
val_loss -0.2806
Pseudo dice [np.float32(0.6856)]
Epoch time: 108.22 s

Epoch 80
Current learning rate: 0.00117
train_loss -0.6125
val_loss -0.26
Pseudo dice [np.float32(0.6779)]
Epoch time: 108.18 s

Epoch 81
Current learning rate: 0.00112
train_loss -0.6162
val_loss -0.2595
Pseudo dice [np.float32(0.6602)]
Epoch time: 108.89 s

Epoch 82
Current learning rate: 0.00107
train_loss -0.6157
val_loss -0.2838
Pseudo dice [np.float32(0.6574)]
Epoch time: 107.73 s

Epoch 83
Current learning rate: 0.00101
train_loss -0.6105
val_loss -0.2635
Pseudo dice [np.float32(0.6699)]
Epoch time: 109.27 s

Epoch 84
Current learning rate: 0.00096
train_loss -0.6148
val_loss -0.241
Pseudo dice [np.float32(0.6598)]
Epoch time: 109.66 s

Epoch 85
Current learning rate: 0.00091
train_loss -0.6134
val_loss -0.2597
Pseudo dice [np.float32(0.6816)]
Epoch time: 108.11 s

Epoch 86
Current learning rate: 0.00085
train_loss -0.6284
val_loss -0.2843
Pseudo dice [np.float32(0.6603)]
Epoch time: 108.52 s

Epoch 87
Current learning rate: 0.0008
train_loss -0.6191
val_loss -0.2952
Pseudo dice [np.float32(0.689)]
Epoch time: 108.25 s
Yayy! New best EMA pseudo Dice: 0.6689000129699707

Epoch 88
Current learning rate: 0.00074
train_loss -0.6392
val_loss -0.2775
Pseudo dice [np.float32(0.6682)]
Epoch time: 109.25 s

Epoch 89
Current learning rate: 0.00069
train_loss -0.6259
val_loss -0.2613
Pseudo dice [np.float32(0.6656)]
Epoch time: 108.75 s

Epoch 90
Current learning rate: 0.00063
train_loss -0.6468
val_loss -0.2791
Pseudo dice [np.float32(0.6563)]
Epoch time: 108.31 s

Epoch 91
Current learning rate: 0.00057
train_loss -0.64
val_loss -0.2608
Pseudo dice [np.float32(0.6598)]
Epoch time: 108.5 s

Epoch 92
Current learning rate: 0.00051
train_loss -0.6326
val_loss -0.2685
Pseudo dice [np.float32(0.6227)]
Epoch time: 109.49 s

Epoch 93
Current learning rate: 0.00046
train_loss -0.6391
val_loss -0.2601
Pseudo dice [np.float32(0.6541)]
Epoch time: 108.29 s

Epoch 94
Current learning rate: 0.0004
train_loss -0.6372
val_loss -0.2502
Pseudo dice [np.float32(0.6408)]
Epoch time: 108.19 s

Epoch 95
Current learning rate: 0.00034
train_loss -0.6464
val_loss -0.2855
Pseudo dice [np.float32(0.68)]
Epoch time: 108.32 s

Epoch 96
Current learning rate: 0.00028
train_loss -0.6419
val_loss -0.2811
Pseudo dice [np.float32(0.6765)]
Epoch time: 107.66 s

Epoch 97
Current learning rate: 0.00021
train_loss -0.6492
val_loss -0.2958
Pseudo dice [np.float32(0.6683)]
Epoch time: 109.04 s

Epoch 98
Current learning rate: 0.00015
train_loss -0.6435
val_loss -0.2944
Pseudo dice [np.float32(0.6687)]
Epoch time: 107.79 s

Epoch 99
Current learning rate: 8e-05
train_loss -0.6495
val_loss -0.2995
Pseudo dice [np.float32(0.6739)]
Epoch time: 107.6 s
Training done.
using pin_memory on device 3
Unable to plot network architecture: nnUNet_compile is enabled!

Epoch 0
Current learning rate: 0.005
train_loss 0.0172
val_loss -0.0235
Pseudo dice [np.float32(0.2889)]
Epoch time: 369.56 s
Yayy! New best EMA pseudo Dice: 0.2888999879360199

Epoch 1
Current learning rate: 0.00495
train_loss -0.1307
val_loss -0.1142
Pseudo dice [np.float32(0.4391)]
Epoch time: 113.62 s
Yayy! New best EMA pseudo Dice: 0.30390000343322754

Epoch 2
Current learning rate: 0.00491
train_loss -0.212
val_loss -0.1902
Pseudo dice [np.float32(0.5774)]
Epoch time: 110.22 s
Yayy! New best EMA pseudo Dice: 0.3312999904155731

Epoch 3
Current learning rate: 0.00486
train_loss -0.2494
val_loss -0.167
Pseudo dice [np.float32(0.531)]
Epoch time: 112.08 s
Yayy! New best EMA pseudo Dice: 0.35120001435279846

Epoch 4
Current learning rate: 0.00482
train_loss -0.2817
val_loss -0.2108
Pseudo dice [np.float32(0.5931)]
Epoch time: 110.53 s
Yayy! New best EMA pseudo Dice: 0.37540000677108765

Epoch 5
Current learning rate: 0.00477
train_loss -0.3101
val_loss -0.2363
Pseudo dice [np.float32(0.6186)]
Epoch time: 111.1 s
Yayy! New best EMA pseudo Dice: 0.39969998598098755

Epoch 6
Current learning rate: 0.00473
train_loss -0.3147
val_loss -0.2251
Pseudo dice [np.float32(0.6187)]
Epoch time: 111.0 s
Yayy! New best EMA pseudo Dice: 0.42160001397132874

Epoch 7
Current learning rate: 0.00468
train_loss -0.3281
val_loss -0.2437
Pseudo dice [np.float32(0.6323)]
Epoch time: 109.64 s
Yayy! New best EMA pseudo Dice: 0.44269999861717224

Epoch 8
Current learning rate: 0.00464
train_loss -0.3456
val_loss -0.2276
Pseudo dice [np.float32(0.6092)]
Epoch time: 109.75 s
Yayy! New best EMA pseudo Dice: 0.4593999981880188

Epoch 9
Current learning rate: 0.00459
train_loss -0.3528
val_loss -0.2483
Pseudo dice [np.float32(0.6183)]
Epoch time: 109.96 s
Yayy! New best EMA pseudo Dice: 0.47530001401901245

Epoch 10
Current learning rate: 0.00455
train_loss -0.3594
val_loss -0.2221
Pseudo dice [np.float32(0.6395)]
Epoch time: 110.61 s
Yayy! New best EMA pseudo Dice: 0.4916999936103821

Epoch 11
Current learning rate: 0.0045
train_loss -0.3859
val_loss -0.279
Pseudo dice [np.float32(0.6767)]
Epoch time: 110.13 s
Yayy! New best EMA pseudo Dice: 0.510200023651123

Epoch 12
Current learning rate: 0.00446
train_loss -0.379
val_loss -0.27
Pseudo dice [np.float32(0.6828)]
Epoch time: 109.99 s
Yayy! New best EMA pseudo Dice: 0.527400016784668

Epoch 13
Current learning rate: 0.00441
train_loss -0.3955
val_loss -0.2698
Pseudo dice [np.float32(0.6649)]
Epoch time: 109.22 s
Yayy! New best EMA pseudo Dice: 0.5411999821662903

Epoch 14
Current learning rate: 0.00437
train_loss -0.4073
val_loss -0.2747
Pseudo dice [np.float32(0.6456)]
Epoch time: 110.27 s
Yayy! New best EMA pseudo Dice: 0.5515999794006348

Epoch 15
Current learning rate: 0.00432
train_loss -0.3976
val_loss -0.2467
Pseudo dice [np.float32(0.6627)]
Epoch time: 109.97 s
Yayy! New best EMA pseudo Dice: 0.5626999735832214

Epoch 16
Current learning rate: 0.00427
train_loss -0.4177
val_loss -0.2548
Pseudo dice [np.float32(0.6402)]
Epoch time: 109.91 s
Yayy! New best EMA pseudo Dice: 0.5705000162124634

Epoch 17
Current learning rate: 0.00423
train_loss -0.4113
val_loss -0.2816
Pseudo dice [np.float32(0.6211)]
Epoch time: 108.8 s
Yayy! New best EMA pseudo Dice: 0.5755000114440918

Epoch 18
Current learning rate: 0.00418
train_loss -0.4354
val_loss -0.2307
Pseudo dice [np.float32(0.6397)]
Epoch time: 109.91 s
Yayy! New best EMA pseudo Dice: 0.5820000171661377

Epoch 19
Current learning rate: 0.00414
train_loss -0.431
val_loss -0.2722
Pseudo dice [np.float32(0.6769)]
Epoch time: 111.11 s
Yayy! New best EMA pseudo Dice: 0.5914999842643738

Epoch 20
Current learning rate: 0.00409
train_loss -0.4289
val_loss -0.2643
Pseudo dice [np.float32(0.6564)]
Epoch time: 109.89 s
Yayy! New best EMA pseudo Dice: 0.5979999899864197

Epoch 21
Current learning rate: 0.00404
train_loss -0.4326
val_loss -0.266
Pseudo dice [np.float32(0.652)]
Epoch time: 109.2 s
Yayy! New best EMA pseudo Dice: 0.6033999919891357

Epoch 22
Current learning rate: 0.004
train_loss -0.4352
val_loss -0.2553
Pseudo dice [np.float32(0.6612)]
Epoch time: 109.31 s
Yayy! New best EMA pseudo Dice: 0.6090999841690063

Epoch 23
Current learning rate: 0.00395
train_loss -0.4439
val_loss -0.2752
Pseudo dice [np.float32(0.6556)]
Epoch time: 109.43 s
Yayy! New best EMA pseudo Dice: 0.6137999892234802

Epoch 24
Current learning rate: 0.00391
train_loss -0.4567
val_loss -0.2751
Pseudo dice [np.float32(0.6353)]
Epoch time: 108.62 s
Yayy! New best EMA pseudo Dice: 0.6158999800682068

Epoch 25
Current learning rate: 0.00386
train_loss -0.4568
val_loss -0.2639
Pseudo dice [np.float32(0.6629)]
Epoch time: 108.66 s
Yayy! New best EMA pseudo Dice: 0.6205999851226807

Epoch 26
Current learning rate: 0.00381
train_loss -0.4596
val_loss -0.2612
Pseudo dice [np.float32(0.6492)]
Epoch time: 109.38 s
Yayy! New best EMA pseudo Dice: 0.6234999895095825

Epoch 27
Current learning rate: 0.00377
train_loss -0.4676
val_loss -0.2478
Pseudo dice [np.float32(0.6767)]
Epoch time: 109.09 s
Yayy! New best EMA pseudo Dice: 0.6287999749183655

Epoch 28
Current learning rate: 0.00372
train_loss -0.4745
val_loss -0.2609
Pseudo dice [np.float32(0.6098)]
Epoch time: 108.93 s

Epoch 29
Current learning rate: 0.00367
train_loss -0.4708
val_loss -0.2689
Pseudo dice [np.float32(0.645)]
Epoch time: 109.25 s

Epoch 30
Current learning rate: 0.00363
train_loss -0.4742
val_loss -0.2548
Pseudo dice [np.float32(0.6428)]
Epoch time: 109.26 s
Yayy! New best EMA pseudo Dice: 0.6301000118255615

Epoch 31
Current learning rate: 0.00358
train_loss -0.4794
val_loss -0.2541
Pseudo dice [np.float32(0.6477)]
Epoch time: 109.59 s
Yayy! New best EMA pseudo Dice: 0.6319000124931335

Epoch 32
Current learning rate: 0.00353
train_loss -0.4994
val_loss -0.2538
Pseudo dice [np.float32(0.6468)]
Epoch time: 109.32 s
Yayy! New best EMA pseudo Dice: 0.633400022983551

Epoch 33
Current learning rate: 0.00349
train_loss -0.4985
val_loss -0.2841
Pseudo dice [np.float32(0.683)]
Epoch time: 109.91 s
Yayy! New best EMA pseudo Dice: 0.6383000016212463

Epoch 34
Current learning rate: 0.00344
train_loss -0.4849
val_loss -0.2618
Pseudo dice [np.float32(0.6641)]
Epoch time: 109.66 s
Yayy! New best EMA pseudo Dice: 0.6409000158309937

Epoch 35
Current learning rate: 0.00339
train_loss -0.511
val_loss -0.2626
Pseudo dice [np.float32(0.6406)]
Epoch time: 109.43 s

Epoch 36
Current learning rate: 0.00335
train_loss -0.5058
val_loss -0.2681
Pseudo dice [np.float32(0.6768)]
Epoch time: 110.03 s
Yayy! New best EMA pseudo Dice: 0.6445000171661377

Epoch 37
Current learning rate: 0.0033
train_loss -0.489
val_loss -0.2398
Pseudo dice [np.float32(0.6616)]
Epoch time: 108.93 s
Yayy! New best EMA pseudo Dice: 0.6462000012397766

Epoch 38
Current learning rate: 0.00325
train_loss -0.4965
val_loss -0.2709
Pseudo dice [np.float32(0.6395)]
Epoch time: 112.52 s

Epoch 39
Current learning rate: 0.0032
train_loss -0.5184
val_loss -0.2934
Pseudo dice [np.float32(0.6837)]
Epoch time: 108.94 s
Yayy! New best EMA pseudo Dice: 0.6492999792098999

Epoch 40
Current learning rate: 0.00316
train_loss -0.5116
val_loss -0.2654
Pseudo dice [np.float32(0.6759)]
Epoch time: 109.2 s
Yayy! New best EMA pseudo Dice: 0.6520000100135803

Epoch 41
Current learning rate: 0.00311
train_loss -0.5203
val_loss -0.2506
Pseudo dice [np.float32(0.6373)]
Epoch time: 109.73 s

Epoch 42
Current learning rate: 0.00306
train_loss -0.5257
val_loss -0.2742
Pseudo dice [np.float32(0.691)]
Epoch time: 109.74 s
Yayy! New best EMA pseudo Dice: 0.6546000242233276

Epoch 43
Current learning rate: 0.00301
train_loss -0.5223
val_loss -0.3022
Pseudo dice [np.float32(0.6584)]
Epoch time: 108.46 s
Yayy! New best EMA pseudo Dice: 0.6549999713897705

Epoch 44
Current learning rate: 0.00297
train_loss -0.5476
val_loss -0.2689
Pseudo dice [np.float32(0.6422)]
Epoch time: 109.16 s

Epoch 45
Current learning rate: 0.00292
train_loss -0.528
val_loss -0.2556
Pseudo dice [np.float32(0.6493)]
Epoch time: 109.81 s

Epoch 46
Current learning rate: 0.00287
train_loss -0.531
val_loss -0.3136
Pseudo dice [np.float32(0.7015)]
Epoch time: 109.3 s
Yayy! New best EMA pseudo Dice: 0.6581000089645386

Epoch 47
Current learning rate: 0.00282
train_loss -0.522
val_loss -0.2953
Pseudo dice [np.float32(0.6595)]
Epoch time: 109.38 s
Yayy! New best EMA pseudo Dice: 0.6582000255584717

Epoch 48
Current learning rate: 0.00278
train_loss -0.5407
val_loss -0.289
Pseudo dice [np.float32(0.691)]
Epoch time: 108.84 s
Yayy! New best EMA pseudo Dice: 0.6614999771118164

Epoch 49
Current learning rate: 0.00273
train_loss -0.5345
val_loss -0.2837
Pseudo dice [np.float32(0.6606)]
Epoch time: 108.76 s

Epoch 50
Current learning rate: 0.00268
train_loss -0.5546
val_loss -0.2716
Pseudo dice [np.float32(0.6627)]
Epoch time: 109.55 s
Yayy! New best EMA pseudo Dice: 0.6614999771118164

Epoch 51
Current learning rate: 0.00263
train_loss -0.551
val_loss -0.2442
Pseudo dice [np.float32(0.6788)]
Epoch time: 109.21 s
Yayy! New best EMA pseudo Dice: 0.6632999777793884

Epoch 52
Current learning rate: 0.00258
train_loss -0.5474
val_loss -0.244
Pseudo dice [np.float32(0.662)]
Epoch time: 108.69 s

Epoch 53
Current learning rate: 0.00253
train_loss -0.5554
val_loss -0.2755
Pseudo dice [np.float32(0.6885)]
Epoch time: 109.43 s
Yayy! New best EMA pseudo Dice: 0.6657000184059143

Epoch 54
Current learning rate: 0.00249
train_loss -0.5638
val_loss -0.2839
Pseudo dice [np.float32(0.6761)]
Epoch time: 109.03 s
Yayy! New best EMA pseudo Dice: 0.666700005531311

Epoch 55
Current learning rate: 0.00244
train_loss -0.5612
val_loss -0.268
Pseudo dice [np.float32(0.6697)]
Epoch time: 108.55 s
Yayy! New best EMA pseudo Dice: 0.6669999957084656

Epoch 56
Current learning rate: 0.00239
train_loss -0.5601
val_loss -0.2879
Pseudo dice [np.float32(0.6719)]
Epoch time: 109.39 s
Yayy! New best EMA pseudo Dice: 0.6675000190734863

Epoch 57
Current learning rate: 0.00234
train_loss -0.5669
val_loss -0.2897
Pseudo dice [np.float32(0.6707)]
Epoch time: 108.36 s
Yayy! New best EMA pseudo Dice: 0.6678000092506409

Epoch 58
Current learning rate: 0.00229
train_loss -0.5602
val_loss -0.2559
Pseudo dice [np.float32(0.6642)]
Epoch time: 109.26 s

Epoch 59
Current learning rate: 0.00224
train_loss -0.5727
val_loss -0.2478
Pseudo dice [np.float32(0.6387)]
Epoch time: 109.37 s

Epoch 60
Current learning rate: 0.00219
train_loss -0.581
val_loss -0.2617
Pseudo dice [np.float32(0.658)]
Epoch time: 109.29 s

Epoch 61
Current learning rate: 0.00214
train_loss -0.5715
val_loss -0.2867
Pseudo dice [np.float32(0.6788)]
Epoch time: 108.82 s

Epoch 62
Current learning rate: 0.00209
train_loss -0.5715
val_loss -0.2605
Pseudo dice [np.float32(0.6351)]
Epoch time: 109.11 s

Epoch 63
Current learning rate: 0.00204
train_loss -0.5754
val_loss -0.2727
Pseudo dice [np.float32(0.6589)]
Epoch time: 108.91 s

Epoch 64
Current learning rate: 0.00199
train_loss -0.5824
val_loss -0.2805
Pseudo dice [np.float32(0.6569)]
Epoch time: 108.45 s

Epoch 65
Current learning rate: 0.00194
train_loss -0.5858
val_loss -0.2658
Pseudo dice [np.float32(0.6515)]
Epoch time: 109.05 s

Epoch 66
Current learning rate: 0.00189
train_loss -0.583
val_loss -0.2363
Pseudo dice [np.float32(0.6615)]
Epoch time: 108.52 s

Epoch 67
Current learning rate: 0.00184
train_loss -0.5842
val_loss -0.2634
Pseudo dice [np.float32(0.6466)]
Epoch time: 107.54 s

Epoch 68
Current learning rate: 0.00179
train_loss -0.5846
val_loss -0.2742
Pseudo dice [np.float32(0.6516)]
Epoch time: 110.41 s

Epoch 69
Current learning rate: 0.00174
train_loss -0.5848
val_loss -0.3139
Pseudo dice [np.float32(0.6939)]
Epoch time: 108.63 s

Epoch 70
Current learning rate: 0.00169
train_loss -0.5927
val_loss -0.3013
Pseudo dice [np.float32(0.6782)]
Epoch time: 108.86 s

Epoch 71
Current learning rate: 0.00164
train_loss -0.598
val_loss -0.2759
Pseudo dice [np.float32(0.688)]
Epoch time: 109.34 s

Epoch 72
Current learning rate: 0.00159
train_loss -0.5995
val_loss -0.2732
Pseudo dice [np.float32(0.6662)]
Epoch time: 108.82 s

Epoch 73
Current learning rate: 0.00154
train_loss -0.6021
val_loss -0.2718
Pseudo dice [np.float32(0.6719)]
Epoch time: 108.53 s

Epoch 74
Current learning rate: 0.00149
train_loss -0.5857
val_loss -0.2784
Pseudo dice [np.float32(0.6815)]
Epoch time: 108.34 s
Yayy! New best EMA pseudo Dice: 0.6680999994277954

Epoch 75
Current learning rate: 0.00144
train_loss -0.5997
val_loss -0.2955
Pseudo dice [np.float32(0.6431)]
Epoch time: 108.55 s

Epoch 76
Current learning rate: 0.00138
train_loss -0.599
val_loss -0.2558
Pseudo dice [np.float32(0.6353)]
Epoch time: 109.0 s

Epoch 77
Current learning rate: 0.00133
train_loss -0.6027
val_loss -0.2887
Pseudo dice [np.float32(0.6579)]
Epoch time: 109.12 s

Epoch 78
Current learning rate: 0.00128
train_loss -0.6091
val_loss -0.2785
Pseudo dice [np.float32(0.6869)]
Epoch time: 110.18 s

Epoch 79
Current learning rate: 0.00123
train_loss -0.6108
val_loss -0.2806
Pseudo dice [np.float32(0.6856)]
Epoch time: 108.22 s

Epoch 80
Current learning rate: 0.00117
train_loss -0.6125
val_loss -0.26
Pseudo dice [np.float32(0.6779)]
Epoch time: 108.18 s

Epoch 81
Current learning rate: 0.00112
train_loss -0.6162
val_loss -0.2595
Pseudo dice [np.float32(0.6602)]
Epoch time: 108.89 s

Epoch 82
Current learning rate: 0.00107
train_loss -0.6157
val_loss -0.2838
Pseudo dice [np.float32(0.6574)]
Epoch time: 107.72 s

Epoch 83
Current learning rate: 0.00101
train_loss -0.6105
val_loss -0.2635
Pseudo dice [np.float32(0.6699)]
Epoch time: 109.27 s

Epoch 84
Current learning rate: 0.00096
train_loss -0.6148
val_loss -0.241
Pseudo dice [np.float32(0.6598)]
Epoch time: 109.66 s

Epoch 85
Current learning rate: 0.00091
train_loss -0.6134
val_loss -0.2597
Pseudo dice [np.float32(0.6816)]
Epoch time: 108.13 s

Epoch 86
Current learning rate: 0.00085
train_loss -0.6284
val_loss -0.2843
Pseudo dice [np.float32(0.6603)]
Epoch time: 108.51 s

Epoch 87
Current learning rate: 0.0008
train_loss -0.6191
val_loss -0.2952
Pseudo dice [np.float32(0.689)]
Epoch time: 108.25 s
Yayy! New best EMA pseudo Dice: 0.6689000129699707

Epoch 88
Current learning rate: 0.00074
train_loss -0.6392
val_loss -0.2775
Pseudo dice [np.float32(0.6682)]
Epoch time: 109.25 s

Epoch 89
Current learning rate: 0.00069
train_loss -0.6259
val_loss -0.2613
Pseudo dice [np.float32(0.6656)]
Epoch time: 108.73 s

Epoch 90
Current learning rate: 0.00063
train_loss -0.6468
val_loss -0.2791
Pseudo dice [np.float32(0.6563)]
Epoch time: 108.32 s

Epoch 91
Current learning rate: 0.00057
train_loss -0.64
val_loss -0.2608
Pseudo dice [np.float32(0.6598)]
Epoch time: 108.49 s

Epoch 92
Current learning rate: 0.00051
train_loss -0.6326
val_loss -0.2685
Pseudo dice [np.float32(0.6227)]
Epoch time: 109.5 s

Epoch 93
Current learning rate: 0.00046
train_loss -0.6391
val_loss -0.2601
Pseudo dice [np.float32(0.6541)]
Epoch time: 108.29 s

Epoch 94
Current learning rate: 0.0004
train_loss -0.6372
val_loss -0.2502
Pseudo dice [np.float32(0.6408)]
Epoch time: 108.19 s

Epoch 95
Current learning rate: 0.00034
train_loss -0.6464
val_loss -0.2855
Pseudo dice [np.float32(0.68)]
Epoch time: 108.32 s

Epoch 96
Current learning rate: 0.00028
train_loss -0.6419
val_loss -0.2811
Pseudo dice [np.float32(0.6765)]
Epoch time: 107.66 s

Epoch 97
Current learning rate: 0.00021
train_loss -0.6492
val_loss -0.2958
Pseudo dice [np.float32(0.6683)]
Epoch time: 109.04 s

Epoch 98
Current learning rate: 0.00015
train_loss -0.6435
val_loss -0.2944
Pseudo dice [np.float32(0.6687)]
Epoch time: 107.79 s

Epoch 99
Current learning rate: 8e-05
train_loss -0.6495
val_loss -0.2995
Pseudo dice [np.float32(0.6739)]
Epoch time: 107.6 s
Training done.
using pin_memory on device 1
Unable to plot network architecture: nnUNet_compile is enabled!

Epoch 0
Current learning rate: 0.005
train_loss 0.0172
val_loss -0.0235
Pseudo dice [np.float32(0.2889)]
Epoch time: 369.49 s
Yayy! New best EMA pseudo Dice: 0.2888999879360199

Epoch 1
Current learning rate: 0.00495
train_loss -0.1307
val_loss -0.1142
Pseudo dice [np.float32(0.4391)]
Epoch time: 113.62 s
Yayy! New best EMA pseudo Dice: 0.30390000343322754

Epoch 2
Current learning rate: 0.00491
train_loss -0.212
val_loss -0.1902
Pseudo dice [np.float32(0.5774)]
Epoch time: 110.22 s
Yayy! New best EMA pseudo Dice: 0.3312999904155731

Epoch 3
Current learning rate: 0.00486
train_loss -0.2494
val_loss -0.167
Pseudo dice [np.float32(0.531)]
Epoch time: 112.08 s
Yayy! New best EMA pseudo Dice: 0.35120001435279846

Epoch 4
Current learning rate: 0.00482
train_loss -0.2817
val_loss -0.2108
Pseudo dice [np.float32(0.5931)]
Epoch time: 110.54 s
Yayy! New best EMA pseudo Dice: 0.37540000677108765

Epoch 5
Current learning rate: 0.00477
train_loss -0.3101
val_loss -0.2363
Pseudo dice [np.float32(0.6186)]
Epoch time: 111.09 s
Yayy! New best EMA pseudo Dice: 0.39969998598098755

Epoch 6
Current learning rate: 0.00473
train_loss -0.3147
val_loss -0.2251
Pseudo dice [np.float32(0.6187)]
Epoch time: 111.0 s
Yayy! New best EMA pseudo Dice: 0.42160001397132874

Epoch 7
Current learning rate: 0.00468
train_loss -0.3281
val_loss -0.2437
Pseudo dice [np.float32(0.6323)]
Epoch time: 109.65 s
Yayy! New best EMA pseudo Dice: 0.44269999861717224

Epoch 8
Current learning rate: 0.00464
train_loss -0.3456
val_loss -0.2276
Pseudo dice [np.float32(0.6092)]
Epoch time: 109.75 s
Yayy! New best EMA pseudo Dice: 0.4593999981880188

Epoch 9
Current learning rate: 0.00459
train_loss -0.3528
val_loss -0.2483
Pseudo dice [np.float32(0.6183)]
Epoch time: 109.96 s
Yayy! New best EMA pseudo Dice: 0.47530001401901245

Epoch 10
Current learning rate: 0.00455
train_loss -0.3594
val_loss -0.2221
Pseudo dice [np.float32(0.6395)]
Epoch time: 110.61 s
Yayy! New best EMA pseudo Dice: 0.4916999936103821

Epoch 11
Current learning rate: 0.0045
train_loss -0.3859
val_loss -0.279
Pseudo dice [np.float32(0.6767)]
Epoch time: 110.13 s
Yayy! New best EMA pseudo Dice: 0.510200023651123

Epoch 12
Current learning rate: 0.00446
train_loss -0.379
val_loss -0.27
Pseudo dice [np.float32(0.6828)]
Epoch time: 109.99 s
Yayy! New best EMA pseudo Dice: 0.527400016784668

Epoch 13
Current learning rate: 0.00441
train_loss -0.3955
val_loss -0.2698
Pseudo dice [np.float32(0.6649)]
Epoch time: 109.22 s
Yayy! New best EMA pseudo Dice: 0.5411999821662903

Epoch 14
Current learning rate: 0.00437
train_loss -0.4073
val_loss -0.2747
Pseudo dice [np.float32(0.6456)]
Epoch time: 110.27 s
Yayy! New best EMA pseudo Dice: 0.5515999794006348

Epoch 15
Current learning rate: 0.00432
train_loss -0.3976
val_loss -0.2467
Pseudo dice [np.float32(0.6627)]
Epoch time: 109.97 s
Yayy! New best EMA pseudo Dice: 0.5626999735832214

Epoch 16
Current learning rate: 0.00427
train_loss -0.4177
val_loss -0.2548
Pseudo dice [np.float32(0.6402)]
Epoch time: 109.9 s
Yayy! New best EMA pseudo Dice: 0.5705000162124634

Epoch 17
Current learning rate: 0.00423
train_loss -0.4113
val_loss -0.2816
Pseudo dice [np.float32(0.6211)]
Epoch time: 108.8 s
Yayy! New best EMA pseudo Dice: 0.5755000114440918

Epoch 18
Current learning rate: 0.00418
train_loss -0.4354
val_loss -0.2307
Pseudo dice [np.float32(0.6397)]
Epoch time: 109.91 s
Yayy! New best EMA pseudo Dice: 0.5820000171661377

Epoch 19
Current learning rate: 0.00414
train_loss -0.431
val_loss -0.2722
Pseudo dice [np.float32(0.6769)]
Epoch time: 111.11 s
Yayy! New best EMA pseudo Dice: 0.5914999842643738

Epoch 20
Current learning rate: 0.00409
train_loss -0.4289
val_loss -0.2643
Pseudo dice [np.float32(0.6564)]
Epoch time: 109.89 s
Yayy! New best EMA pseudo Dice: 0.5979999899864197

Epoch 21
Current learning rate: 0.00404
train_loss -0.4326
val_loss -0.266
Pseudo dice [np.float32(0.652)]
Epoch time: 109.19 s
Yayy! New best EMA pseudo Dice: 0.6033999919891357

Epoch 22
Current learning rate: 0.004
train_loss -0.4352
val_loss -0.2553
Pseudo dice [np.float32(0.6612)]
Epoch time: 109.32 s
Yayy! New best EMA pseudo Dice: 0.6090999841690063

Epoch 23
Current learning rate: 0.00395
train_loss -0.4439
val_loss -0.2752
Pseudo dice [np.float32(0.6556)]
Epoch time: 109.43 s
Yayy! New best EMA pseudo Dice: 0.6137999892234802

Epoch 24
Current learning rate: 0.00391
train_loss -0.4567
val_loss -0.2751
Pseudo dice [np.float32(0.6353)]
Epoch time: 108.62 s
Yayy! New best EMA pseudo Dice: 0.6158999800682068

Epoch 25
Current learning rate: 0.00386
train_loss -0.4568
val_loss -0.2639
Pseudo dice [np.float32(0.6629)]
Epoch time: 108.66 s
Yayy! New best EMA pseudo Dice: 0.6205999851226807

Epoch 26
Current learning rate: 0.00381
train_loss -0.4596
val_loss -0.2612
Pseudo dice [np.float32(0.6492)]
Epoch time: 109.38 s
Yayy! New best EMA pseudo Dice: 0.6234999895095825

Epoch 27
Current learning rate: 0.00377
train_loss -0.4676
val_loss -0.2478
Pseudo dice [np.float32(0.6767)]
Epoch time: 109.09 s
Yayy! New best EMA pseudo Dice: 0.6287999749183655

Epoch 28
Current learning rate: 0.00372
train_loss -0.4745
val_loss -0.2609
Pseudo dice [np.float32(0.6098)]
Epoch time: 108.93 s

Epoch 29
Current learning rate: 0.00367
train_loss -0.4708
val_loss -0.2689
Pseudo dice [np.float32(0.645)]
Epoch time: 109.27 s

Epoch 30
Current learning rate: 0.00363
train_loss -0.4742
val_loss -0.2548
Pseudo dice [np.float32(0.6428)]
Epoch time: 109.25 s
Yayy! New best EMA pseudo Dice: 0.6301000118255615

Epoch 31
Current learning rate: 0.00358
train_loss -0.4794
val_loss -0.2541
Pseudo dice [np.float32(0.6477)]
Epoch time: 109.59 s
Yayy! New best EMA pseudo Dice: 0.6319000124931335

Epoch 32
Current learning rate: 0.00353
train_loss -0.4994
val_loss -0.2538
Pseudo dice [np.float32(0.6468)]
Epoch time: 109.32 s
Yayy! New best EMA pseudo Dice: 0.633400022983551

Epoch 33
Current learning rate: 0.00349
train_loss -0.4985
val_loss -0.2841
Pseudo dice [np.float32(0.683)]
Epoch time: 109.9 s
Yayy! New best EMA pseudo Dice: 0.6383000016212463

Epoch 34
Current learning rate: 0.00344
train_loss -0.4849
val_loss -0.2618
Pseudo dice [np.float32(0.6641)]
Epoch time: 109.66 s
Yayy! New best EMA pseudo Dice: 0.6409000158309937

Epoch 35
Current learning rate: 0.00339
train_loss -0.511
val_loss -0.2626
Pseudo dice [np.float32(0.6406)]
Epoch time: 109.43 s

Epoch 36
Current learning rate: 0.00335
train_loss -0.5058
val_loss -0.2681
Pseudo dice [np.float32(0.6768)]
Epoch time: 110.03 s
Yayy! New best EMA pseudo Dice: 0.6445000171661377

Epoch 37
Current learning rate: 0.0033
train_loss -0.489
val_loss -0.2398
Pseudo dice [np.float32(0.6616)]
Epoch time: 108.93 s
Yayy! New best EMA pseudo Dice: 0.6462000012397766

Epoch 38
Current learning rate: 0.00325
train_loss -0.4965
val_loss -0.2709
Pseudo dice [np.float32(0.6395)]
Epoch time: 112.53 s

Epoch 39
Current learning rate: 0.0032
train_loss -0.5184
val_loss -0.2934
Pseudo dice [np.float32(0.6837)]
Epoch time: 108.94 s
Yayy! New best EMA pseudo Dice: 0.6492999792098999

Epoch 40
Current learning rate: 0.00316
train_loss -0.5116
val_loss -0.2654
Pseudo dice [np.float32(0.6759)]
Epoch time: 109.2 s
Yayy! New best EMA pseudo Dice: 0.6520000100135803

Epoch 41
Current learning rate: 0.00311
train_loss -0.5203
val_loss -0.2506
Pseudo dice [np.float32(0.6373)]
Epoch time: 109.73 s

Epoch 42
Current learning rate: 0.00306
train_loss -0.5257
val_loss -0.2742
Pseudo dice [np.float32(0.691)]
Epoch time: 109.74 s
Yayy! New best EMA pseudo Dice: 0.6546000242233276

Epoch 43
Current learning rate: 0.00301
train_loss -0.5223
val_loss -0.3022
Pseudo dice [np.float32(0.6584)]
Epoch time: 108.46 s
Yayy! New best EMA pseudo Dice: 0.6549999713897705

Epoch 44
Current learning rate: 0.00297
train_loss -0.5476
val_loss -0.2689
Pseudo dice [np.float32(0.6422)]
Epoch time: 109.16 s

Epoch 45
Current learning rate: 0.00292
train_loss -0.528
val_loss -0.2556
Pseudo dice [np.float32(0.6493)]
Epoch time: 109.81 s

Epoch 46
Current learning rate: 0.00287
train_loss -0.531
val_loss -0.3136
Pseudo dice [np.float32(0.7015)]
Epoch time: 109.24 s
Yayy! New best EMA pseudo Dice: 0.6581000089645386

Epoch 47
Current learning rate: 0.00282
train_loss -0.522
val_loss -0.2953
Pseudo dice [np.float32(0.6595)]
Epoch time: 109.44 s
Yayy! New best EMA pseudo Dice: 0.6582000255584717

Epoch 48
Current learning rate: 0.00278
train_loss -0.5407
val_loss -0.289
Pseudo dice [np.float32(0.691)]
Epoch time: 108.84 s
Yayy! New best EMA pseudo Dice: 0.6614999771118164

Epoch 49
Current learning rate: 0.00273
train_loss -0.5345
val_loss -0.2837
Pseudo dice [np.float32(0.6606)]
Epoch time: 108.76 s

Epoch 50
Current learning rate: 0.00268
train_loss -0.5546
val_loss -0.2716
Pseudo dice [np.float32(0.6627)]
Epoch time: 109.55 s
Yayy! New best EMA pseudo Dice: 0.6614999771118164

Epoch 51
Current learning rate: 0.00263
train_loss -0.551
val_loss -0.2442
Pseudo dice [np.float32(0.6788)]
Epoch time: 109.21 s
Yayy! New best EMA pseudo Dice: 0.6632999777793884

Epoch 52
Current learning rate: 0.00258
train_loss -0.5474
val_loss -0.244
Pseudo dice [np.float32(0.662)]
Epoch time: 108.7 s

Epoch 53
Current learning rate: 0.00253
train_loss -0.5554
val_loss -0.2755
Pseudo dice [np.float32(0.6885)]
Epoch time: 109.43 s
Yayy! New best EMA pseudo Dice: 0.6657000184059143

Epoch 54
Current learning rate: 0.00249
train_loss -0.5638
val_loss -0.2839
Pseudo dice [np.float32(0.6761)]
Epoch time: 109.03 s
Yayy! New best EMA pseudo Dice: 0.666700005531311

Epoch 55
Current learning rate: 0.00244
train_loss -0.5612
val_loss -0.268
Pseudo dice [np.float32(0.6697)]
Epoch time: 108.55 s
Yayy! New best EMA pseudo Dice: 0.6669999957084656

Epoch 56
Current learning rate: 0.00239
train_loss -0.5601
val_loss -0.2879
Pseudo dice [np.float32(0.6719)]
Epoch time: 109.39 s
Yayy! New best EMA pseudo Dice: 0.6675000190734863

Epoch 57
Current learning rate: 0.00234
train_loss -0.5669
val_loss -0.2897
Pseudo dice [np.float32(0.6707)]
Epoch time: 108.37 s
Yayy! New best EMA pseudo Dice: 0.6678000092506409

Epoch 58
Current learning rate: 0.00229
train_loss -0.5602
val_loss -0.2559
Pseudo dice [np.float32(0.6642)]
Epoch time: 109.26 s

Epoch 59
Current learning rate: 0.00224
train_loss -0.5727
val_loss -0.2478
Pseudo dice [np.float32(0.6387)]
Epoch time: 109.37 s

Epoch 60
Current learning rate: 0.00219
train_loss -0.581
val_loss -0.2617
Pseudo dice [np.float32(0.658)]
Epoch time: 109.29 s

Epoch 61
Current learning rate: 0.00214
train_loss -0.5715
val_loss -0.2867
Pseudo dice [np.float32(0.6788)]
Epoch time: 108.82 s

Epoch 62
Current learning rate: 0.00209
train_loss -0.5715
val_loss -0.2605
Pseudo dice [np.float32(0.6351)]
Epoch time: 109.11 s

Epoch 63
Current learning rate: 0.00204
train_loss -0.5754
val_loss -0.2727
Pseudo dice [np.float32(0.6589)]
Epoch time: 108.91 s

Epoch 64
Current learning rate: 0.00199
train_loss -0.5824
val_loss -0.2805
Pseudo dice [np.float32(0.6569)]
Epoch time: 108.45 s

Epoch 65
Current learning rate: 0.00194
train_loss -0.5858
val_loss -0.2658
Pseudo dice [np.float32(0.6515)]
Epoch time: 109.05 s

Epoch 66
Current learning rate: 0.00189
train_loss -0.583
val_loss -0.2363
Pseudo dice [np.float32(0.6615)]
Epoch time: 108.52 s

Epoch 67
Current learning rate: 0.00184
train_loss -0.5842
val_loss -0.2634
Pseudo dice [np.float32(0.6466)]
Epoch time: 107.54 s

Epoch 68
Current learning rate: 0.00179
train_loss -0.5846
val_loss -0.2742
Pseudo dice [np.float32(0.6516)]
Epoch time: 110.4 s

Epoch 69
Current learning rate: 0.00174
train_loss -0.5848
val_loss -0.3139
Pseudo dice [np.float32(0.6939)]
Epoch time: 108.64 s

Epoch 70
Current learning rate: 0.00169
train_loss -0.5927
val_loss -0.3013
Pseudo dice [np.float32(0.6782)]
Epoch time: 108.86 s

Epoch 71
Current learning rate: 0.00164
train_loss -0.598
val_loss -0.2759
Pseudo dice [np.float32(0.688)]
Epoch time: 109.34 s

Epoch 72
Current learning rate: 0.00159
train_loss -0.5995
val_loss -0.2732
Pseudo dice [np.float32(0.6662)]
Epoch time: 108.82 s

Epoch 73
Current learning rate: 0.00154
train_loss -0.6021
val_loss -0.2718
Pseudo dice [np.float32(0.6719)]
Epoch time: 108.53 s

Epoch 74
Current learning rate: 0.00149
train_loss -0.5857
val_loss -0.2784
Pseudo dice [np.float32(0.6815)]
Epoch time: 108.34 s
Yayy! New best EMA pseudo Dice: 0.6680999994277954

Epoch 75
Current learning rate: 0.00144
train_loss -0.5997
val_loss -0.2955
Pseudo dice [np.float32(0.6431)]
Epoch time: 108.55 s

Epoch 76
Current learning rate: 0.00138
train_loss -0.599
val_loss -0.2558
Pseudo dice [np.float32(0.6353)]
Epoch time: 109.0 s

Epoch 77
Current learning rate: 0.00133
train_loss -0.6027
val_loss -0.2887
Pseudo dice [np.float32(0.6579)]
Epoch time: 109.12 s

Epoch 78
Current learning rate: 0.00128
train_loss -0.6091
val_loss -0.2785
Pseudo dice [np.float32(0.6869)]
Epoch time: 110.18 s

Epoch 79
Current learning rate: 0.00123
train_loss -0.6108
val_loss -0.2806
Pseudo dice [np.float32(0.6856)]
Epoch time: 108.22 s

Epoch 80
Current learning rate: 0.00117
train_loss -0.6125
val_loss -0.26
Pseudo dice [np.float32(0.6779)]
Epoch time: 108.18 s

Epoch 81
Current learning rate: 0.00112
train_loss -0.6162
val_loss -0.2595
Pseudo dice [np.float32(0.6602)]
Epoch time: 108.89 s

Epoch 82
Current learning rate: 0.00107
train_loss -0.6157
val_loss -0.2838
Pseudo dice [np.float32(0.6574)]
Epoch time: 107.73 s

Epoch 83
Current learning rate: 0.00101
train_loss -0.6105
val_loss -0.2635
Pseudo dice [np.float32(0.6699)]
Epoch time: 109.27 s

Epoch 84
Current learning rate: 0.00096
train_loss -0.6148
val_loss -0.241
Pseudo dice [np.float32(0.6598)]
Epoch time: 109.66 s

Epoch 85
Current learning rate: 0.00091
train_loss -0.6134
val_loss -0.2597
Pseudo dice [np.float32(0.6816)]
Epoch time: 108.11 s

Epoch 86
Current learning rate: 0.00085
train_loss -0.6284
val_loss -0.2843
Pseudo dice [np.float32(0.6603)]
Epoch time: 108.53 s

Epoch 87
Current learning rate: 0.0008
train_loss -0.6191
val_loss -0.2952
Pseudo dice [np.float32(0.689)]
Epoch time: 108.25 s
Yayy! New best EMA pseudo Dice: 0.6689000129699707

Epoch 88
Current learning rate: 0.00074
train_loss -0.6392
val_loss -0.2775
Pseudo dice [np.float32(0.6682)]
Epoch time: 109.25 s

Epoch 89
Current learning rate: 0.00069
train_loss -0.6259
val_loss -0.2613
Pseudo dice [np.float32(0.6656)]
Epoch time: 108.73 s

Epoch 90
Current learning rate: 0.00063
train_loss -0.6468
val_loss -0.2791
Pseudo dice [np.float32(0.6563)]
Epoch time: 108.32 s

Epoch 91
Current learning rate: 0.00057
train_loss -0.64
val_loss -0.2608
Pseudo dice [np.float32(0.6598)]
Epoch time: 108.5 s

Epoch 92
Current learning rate: 0.00051
train_loss -0.6326
val_loss -0.2685
Pseudo dice [np.float32(0.6227)]
Epoch time: 109.49 s

Epoch 93
Current learning rate: 0.00046
train_loss -0.6391
val_loss -0.2601
Pseudo dice [np.float32(0.6541)]
Epoch time: 108.31 s

Epoch 94
Current learning rate: 0.0004
train_loss -0.6372
val_loss -0.2502
Pseudo dice [np.float32(0.6408)]
Epoch time: 108.17 s

Epoch 95
Current learning rate: 0.00034
train_loss -0.6464
val_loss -0.2855
Pseudo dice [np.float32(0.68)]
Epoch time: 108.33 s

Epoch 96
Current learning rate: 0.00028
train_loss -0.6419
val_loss -0.2811
Pseudo dice [np.float32(0.6765)]
Epoch time: 107.65 s

Epoch 97
Current learning rate: 0.00021
train_loss -0.6492
val_loss -0.2958
Pseudo dice [np.float32(0.6683)]
Epoch time: 109.04 s

Epoch 98
Current learning rate: 0.00015
train_loss -0.6435
val_loss -0.2944
Pseudo dice [np.float32(0.6687)]
Epoch time: 107.79 s

Epoch 99
Current learning rate: 8e-05
train_loss -0.6495
val_loss -0.2995
Pseudo dice [np.float32(0.6739)]
Epoch time: 107.6 s
Training done.
using pin_memory on device 0

This is the configuration used by this training:
Configuration name: 3d_fullres
 {'data_identifier': 'nnUNetPlans_3d_fullres', 'preprocessor_name': 'DefaultPreprocessor', 'batch_size': 8, 'patch_size': [40, 224, 192], 'median_image_size_in_voxels': [63.5, 387.5, 312.5], 'spacing': [2.0, 0.41015625, 0.41015625], 'normalization_schemes': ['ZScoreNormalization', 'ZScoreNormalization', 'ZScoreNormalization', 'ZScoreNormalization', 'ZScoreNormalization'], 'use_mask_for_norm': [True, True, True, True, True], 'resampling_fn_data': 'resample_data_or_seg_to_shape', 'resampling_fn_seg': 'resample_data_or_seg_to_shape', 'resampling_fn_data_kwargs': {'is_seg': False, 'order': 3, 'order_z': 0, 'force_separate_z': None}, 'resampling_fn_seg_kwargs': {'is_seg': True, 'order': 1, 'order_z': 0, 'force_separate_z': None}, 'resampling_fn_probabilities': 'resample_data_or_seg_to_shape', 'resampling_fn_probabilities_kwargs': {'is_seg': False, 'order': 1, 'order_z': 0, 'force_separate_z': None}, 'architecture': {'network_class_name': 'dynamic_network_architectures.architectures.unet.PlainConvUNet', 'arch_kwargs': {'n_stages': 6, 'features_per_stage': [32, 64, 128, 256, 320, 320], 'conv_op': 'torch.nn.modules.conv.Conv3d', 'kernel_sizes': [[1, 3, 3], [1, 3, 3], [3, 3, 3], [3, 3, 3], [3, 3, 3], [3, 3, 3]], 'strides': [[1, 1, 1], [1, 2, 2], [1, 2, 2], [2, 2, 2], [2, 2, 2], [2, 2, 2]], 'n_conv_per_stage': [2, 2, 2, 2, 2, 2], 'n_conv_per_stage_decoder': [2, 2, 2, 2, 2], 'conv_bias': True, 'norm_op': 'torch.nn.modules.instancenorm.InstanceNorm3d', 'norm_op_kwargs': {'eps': 1e-05, 'affine': True}, 'dropout_op': None, 'dropout_op_kwargs': None, 'nonlin': 'torch.nn.LeakyReLU', 'nonlin_kwargs': {'inplace': True}}, '_kw_requires_import': ['conv_op', 'norm_op', 'dropout_op', 'nonlin']}, 'batch_dice': False} 

These are the global plan.json settings:
 {'dataset_name': 'Dataset050_ISLES24_5ch', 'plans_name': 'nnUNetPlans', 'original_median_spacing_after_transp': [2.0, 0.41015625, 0.41015625], 'original_median_shape_after_transp': [61, 388, 319], 'image_reader_writer': 'NibabelIOWithReorient', 'transpose_forward': [0, 1, 2], 'transpose_backward': [0, 1, 2], 'experiment_planner_used': 'ExperimentPlanner', 'label_manager': 'LabelManager', 'foreground_intensity_properties_per_channel': {'0': {'max': 90.0, 'mean': 33.48331502006585, 'median': 34.00001907348633, 'min': 0.0, 'percentile_00_5': 0.0, 'percentile_99_5': 90.0, 'std': 20.505547326022786}, '1': {'max': 10.0, 'mean': 2.4705068525319485, 'median': 2.205078125, 'min': 0.0, 'percentile_00_5': 0.0, 'percentile_99_5': 10.0, 'std': 2.195554544291482}, '2': {'max': 35.0, 'mean': 9.324032592825445, 'median': 7.82421875, 'min': 0.0, 'percentile_00_5': 0.0, 'percentile_99_5': 35.0, 'std': 8.058685124226617}, '3': {'max': 20.0, 'mean': 12.584399502522535, 'median': 14.5859375, 'min': 0.0, 'percentile_00_5': 0.0, 'percentile_99_5': 20.0, 'std': 7.24836225190498}, '4': {'max': 7.0, 'mean': 4.332740524681512, 'median': 5.0078125, 'min': 0.0, 'percentile_00_5': 0.0, 'percentile_99_5': 7.0, 'std': 2.721644992875189}}} 

2025-09-30 00:25:13.586806: Unable to plot network architecture: nnUNet_compile is enabled!
2025-09-30 00:25:13.865637: 
2025-09-30 00:25:13.879829: Epoch 0
2025-09-30 00:25:13.883691: Current learning rate: 0.005
2025-09-30 00:31:22.988729: train_loss 0.0172
2025-09-30 00:31:23.039659: val_loss -0.0235
2025-09-30 00:31:23.056129: Pseudo dice [np.float32(0.2889)]
2025-09-30 00:31:23.059905: Epoch time: 369.13 s
2025-09-30 00:31:23.063932: Yayy! New best EMA pseudo Dice: 0.2888999879360199
2025-09-30 00:31:26.851645: 
2025-09-30 00:31:26.855386: Epoch 1
2025-09-30 00:31:26.859101: Current learning rate: 0.00495
2025-09-30 00:33:16.602185: train_loss -0.1307
2025-09-30 00:33:16.609312: val_loss -0.1142
2025-09-30 00:33:16.642997: Pseudo dice [np.float32(0.4391)]
2025-09-30 00:33:16.654705: Epoch time: 109.75 s
2025-09-30 00:33:16.687268: Yayy! New best EMA pseudo Dice: 0.30390000343322754
2025-09-30 00:33:19.101765: 
2025-09-30 00:33:19.106934: Epoch 2
2025-09-30 00:33:19.111448: Current learning rate: 0.00491
2025-09-30 00:35:06.829060: train_loss -0.212
2025-09-30 00:35:06.842515: val_loss -0.1902
2025-09-30 00:35:06.845170: Pseudo dice [np.float32(0.5774)]
2025-09-30 00:35:06.847943: Epoch time: 107.73 s
2025-09-30 00:35:06.927207: Yayy! New best EMA pseudo Dice: 0.3312999904155731
2025-09-30 00:35:10.465218: 
2025-09-30 00:35:10.470177: Epoch 3
2025-09-30 00:35:10.474257: Current learning rate: 0.00486
2025-09-30 00:36:58.903964: train_loss -0.2494
2025-09-30 00:36:58.920099: val_loss -0.167
2025-09-30 00:36:58.951013: Pseudo dice [np.float32(0.531)]
2025-09-30 00:36:58.958774: Epoch time: 108.44 s
2025-09-30 00:36:58.962633: Yayy! New best EMA pseudo Dice: 0.35120001435279846
2025-09-30 00:37:01.373061: 
2025-09-30 00:37:01.378037: Epoch 4
2025-09-30 00:37:01.382337: Current learning rate: 0.00482
2025-09-30 00:38:49.439490: train_loss -0.2817
2025-09-30 00:38:49.444805: val_loss -0.2108
2025-09-30 00:38:49.465721: Pseudo dice [np.float32(0.5931)]
2025-09-30 00:38:49.468932: Epoch time: 108.07 s
2025-09-30 00:38:49.478402: Yayy! New best EMA pseudo Dice: 0.37540000677108765
2025-09-30 00:38:52.406077: 
2025-09-30 00:38:52.411812: Epoch 5
2025-09-30 00:38:52.416107: Current learning rate: 0.00477
2025-09-30 00:40:40.531391: train_loss -0.3101
2025-09-30 00:40:40.538658: val_loss -0.2363
2025-09-30 00:40:40.554411: Pseudo dice [np.float32(0.6186)]
2025-09-30 00:40:40.563039: Epoch time: 108.13 s
2025-09-30 00:40:40.572971: Yayy! New best EMA pseudo Dice: 0.39969998598098755
2025-09-30 00:40:43.134869: 
2025-09-30 00:40:43.139747: Epoch 6
2025-09-30 00:40:43.143690: Current learning rate: 0.00473
2025-09-30 00:42:31.530004: train_loss -0.3147
2025-09-30 00:42:31.537212: val_loss -0.2251
2025-09-30 00:42:31.589096: Pseudo dice [np.float32(0.6187)]
2025-09-30 00:42:31.593060: Epoch time: 108.4 s
2025-09-30 00:42:31.608403: Yayy! New best EMA pseudo Dice: 0.42160001397132874
2025-09-30 00:42:33.972518: 
2025-09-30 00:42:33.978028: Epoch 7
2025-09-30 00:42:33.982376: Current learning rate: 0.00468
2025-09-30 00:44:21.180111: train_loss -0.3281
2025-09-30 00:44:21.189868: val_loss -0.2437
2025-09-30 00:44:21.221730: Pseudo dice [np.float32(0.6323)]
2025-09-30 00:44:21.225920: Epoch time: 107.21 s
2025-09-30 00:44:21.228996: Yayy! New best EMA pseudo Dice: 0.44269999861717224
2025-09-30 00:44:23.551759: 
2025-09-30 00:44:23.556754: Epoch 8
2025-09-30 00:44:23.560941: Current learning rate: 0.00464
2025-09-30 00:46:10.927123: train_loss -0.3456
2025-09-30 00:46:10.954539: val_loss -0.2276
2025-09-30 00:46:10.968585: Pseudo dice [np.float32(0.6092)]
2025-09-30 00:46:10.971898: Epoch time: 107.38 s
2025-09-30 00:46:10.975181: Yayy! New best EMA pseudo Dice: 0.4593999981880188
2025-09-30 00:46:13.320393: 
2025-09-30 00:46:13.326433: Epoch 9
2025-09-30 00:46:13.331030: Current learning rate: 0.00459
2025-09-30 00:48:00.886500: train_loss -0.3528
2025-09-30 00:48:00.965146: val_loss -0.2483
2025-09-30 00:48:00.993421: Pseudo dice [np.float32(0.6183)]
2025-09-30 00:48:01.017437: Epoch time: 107.57 s
2025-09-30 00:48:01.022583: Yayy! New best EMA pseudo Dice: 0.47530001401901245
2025-09-30 00:48:03.323596: 
2025-09-30 00:48:03.329328: Epoch 10
2025-09-30 00:48:03.333204: Current learning rate: 0.00455
2025-09-30 00:49:51.499504: train_loss -0.3594
2025-09-30 00:49:51.514131: val_loss -0.2221
2025-09-30 00:49:51.547831: Pseudo dice [np.float32(0.6395)]
2025-09-30 00:49:51.572309: Epoch time: 108.18 s
2025-09-30 00:49:51.589263: Yayy! New best EMA pseudo Dice: 0.4916999936103821
2025-09-30 00:49:53.867042: 
2025-09-30 00:49:53.871880: Epoch 11
2025-09-30 00:49:53.876401: Current learning rate: 0.0045
2025-09-30 00:51:41.633192: train_loss -0.3859
2025-09-30 00:51:41.638409: val_loss -0.279
2025-09-30 00:51:41.643564: Pseudo dice [np.float32(0.6767)]
2025-09-30 00:51:41.646442: Epoch time: 107.77 s
2025-09-30 00:51:41.684161: Yayy! New best EMA pseudo Dice: 0.510200023651123
2025-09-30 00:51:44.074821: 
2025-09-30 00:51:44.080130: Epoch 12
2025-09-30 00:51:44.084501: Current learning rate: 0.00446
2025-09-30 00:53:31.627869: train_loss -0.379
2025-09-30 00:53:31.662074: val_loss -0.27
2025-09-30 00:53:31.687127: Pseudo dice [np.float32(0.6828)]
2025-09-30 00:53:31.704111: Epoch time: 107.55 s
2025-09-30 00:53:31.727255: Yayy! New best EMA pseudo Dice: 0.527400016784668
2025-09-30 00:53:34.048375: 
2025-09-30 00:53:34.053670: Epoch 13
2025-09-30 00:53:34.057944: Current learning rate: 0.00441
2025-09-30 00:55:20.844703: train_loss -0.3955
2025-09-30 00:55:20.888404: val_loss -0.2698
2025-09-30 00:55:20.894852: Pseudo dice [np.float32(0.6649)]
2025-09-30 00:55:20.899670: Epoch time: 106.8 s
2025-09-30 00:55:20.902808: Yayy! New best EMA pseudo Dice: 0.5411999821662903
2025-09-30 00:55:23.455925: 
2025-09-30 00:55:23.460952: Epoch 14
2025-09-30 00:55:23.464828: Current learning rate: 0.00437
2025-09-30 00:57:11.115233: train_loss -0.4073
2025-09-30 00:57:11.119244: val_loss -0.2747
2025-09-30 00:57:11.122619: Pseudo dice [np.float32(0.6456)]
2025-09-30 00:57:11.126665: Epoch time: 107.66 s
2025-09-30 00:57:11.130141: Yayy! New best EMA pseudo Dice: 0.5515999794006348
2025-09-30 00:57:13.428794: 
2025-09-30 00:57:13.434905: Epoch 15
2025-09-30 00:57:13.438509: Current learning rate: 0.00432
2025-09-30 00:59:01.082268: train_loss -0.3976
2025-09-30 00:59:01.102875: val_loss -0.2467
2025-09-30 00:59:01.112455: Pseudo dice [np.float32(0.6627)]
2025-09-30 00:59:01.117045: Epoch time: 107.66 s
2025-09-30 00:59:01.120431: Yayy! New best EMA pseudo Dice: 0.5626999735832214
2025-09-30 00:59:03.391655: 
2025-09-30 00:59:03.396168: Epoch 16
2025-09-30 00:59:03.400034: Current learning rate: 0.00427
2025-09-30 01:00:50.986490: train_loss -0.4177
2025-09-30 01:00:50.999600: val_loss -0.2548
2025-09-30 01:00:51.002708: Pseudo dice [np.float32(0.6402)]
2025-09-30 01:00:51.006629: Epoch time: 107.6 s
2025-09-30 01:00:51.011828: Yayy! New best EMA pseudo Dice: 0.5705000162124634
2025-09-30 01:00:53.531459: 
2025-09-30 01:00:53.537009: Epoch 17
2025-09-30 01:00:53.541197: Current learning rate: 0.00423
2025-09-30 01:02:39.787387: train_loss -0.4113
2025-09-30 01:02:39.840378: val_loss -0.2816
2025-09-30 01:02:39.846497: Pseudo dice [np.float32(0.6211)]
2025-09-30 01:02:39.852719: Epoch time: 106.26 s
2025-09-30 01:02:39.874382: Yayy! New best EMA pseudo Dice: 0.5755000114440918
2025-09-30 01:02:42.603087: 
2025-09-30 01:02:42.607851: Epoch 18
2025-09-30 01:02:42.612038: Current learning rate: 0.00418
2025-09-30 01:04:29.699303: train_loss -0.4354
2025-09-30 01:04:29.711187: val_loss -0.2307
2025-09-30 01:04:29.714394: Pseudo dice [np.float32(0.6397)]
2025-09-30 01:04:29.756145: Epoch time: 107.1 s
2025-09-30 01:04:29.798527: Yayy! New best EMA pseudo Dice: 0.5820000171661377
2025-09-30 01:04:33.044082: 
2025-09-30 01:04:33.048166: Epoch 19
2025-09-30 01:04:33.051858: Current learning rate: 0.00414
2025-09-30 01:06:20.808209: train_loss -0.431
2025-09-30 01:06:20.826662: val_loss -0.2722
2025-09-30 01:06:20.834252: Pseudo dice [np.float32(0.6769)]
2025-09-30 01:06:20.851667: Epoch time: 107.77 s
2025-09-30 01:06:20.860147: Yayy! New best EMA pseudo Dice: 0.5914999842643738
2025-09-30 01:06:23.441822: 
2025-09-30 01:06:23.445484: Epoch 20
2025-09-30 01:06:23.448916: Current learning rate: 0.00409
2025-09-30 01:08:10.699302: train_loss -0.4289
2025-09-30 01:08:10.717326: val_loss -0.2643
2025-09-30 01:08:10.722457: Pseudo dice [np.float32(0.6564)]
2025-09-30 01:08:10.727210: Epoch time: 107.26 s
2025-09-30 01:08:10.737688: Yayy! New best EMA pseudo Dice: 0.5979999899864197
2025-09-30 01:08:13.235236: 
2025-09-30 01:08:13.240413: Epoch 21
2025-09-30 01:08:13.244821: Current learning rate: 0.00404
2025-09-30 01:09:59.891873: train_loss -0.4326
2025-09-30 01:09:59.913081: val_loss -0.266
2025-09-30 01:09:59.923666: Pseudo dice [np.float32(0.652)]
2025-09-30 01:09:59.927894: Epoch time: 106.66 s
2025-09-30 01:09:59.932158: Yayy! New best EMA pseudo Dice: 0.6033999919891357
2025-09-30 01:10:02.411364: 
2025-09-30 01:10:02.415311: Epoch 22
2025-09-30 01:10:02.418526: Current learning rate: 0.004
2025-09-30 01:11:49.211039: train_loss -0.4352
2025-09-30 01:11:49.253505: val_loss -0.2553
2025-09-30 01:11:49.259048: Pseudo dice [np.float32(0.6612)]
2025-09-30 01:11:49.264235: Epoch time: 106.8 s
2025-09-30 01:11:49.268173: Yayy! New best EMA pseudo Dice: 0.6090999841690063
2025-09-30 01:11:51.552188: 
2025-09-30 01:11:51.557515: Epoch 23
2025-09-30 01:11:51.561652: Current learning rate: 0.00395
2025-09-30 01:13:38.637632: train_loss -0.4439
2025-09-30 01:13:38.703740: val_loss -0.2752
2025-09-30 01:13:38.730311: Pseudo dice [np.float32(0.6556)]
2025-09-30 01:13:38.791527: Epoch time: 107.09 s
2025-09-30 01:13:38.797536: Yayy! New best EMA pseudo Dice: 0.6137999892234802
2025-09-30 01:13:40.963314: 
2025-09-30 01:13:40.968458: Epoch 24
2025-09-30 01:13:40.973235: Current learning rate: 0.00391
2025-09-30 01:15:27.262581: train_loss -0.4567
2025-09-30 01:15:27.280981: val_loss -0.2751
2025-09-30 01:15:27.306866: Pseudo dice [np.float32(0.6353)]
2025-09-30 01:15:27.312011: Epoch time: 106.3 s
2025-09-30 01:15:27.315740: Yayy! New best EMA pseudo Dice: 0.6158999800682068
2025-09-30 01:15:29.646608: 
2025-09-30 01:15:29.651054: Epoch 25
2025-09-30 01:15:29.655538: Current learning rate: 0.00386
2025-09-30 01:17:15.915601: train_loss -0.4568
2025-09-30 01:17:15.938343: val_loss -0.2639
2025-09-30 01:17:15.976529: Pseudo dice [np.float32(0.6629)]
2025-09-30 01:17:15.979784: Epoch time: 106.27 s
2025-09-30 01:17:15.983033: Yayy! New best EMA pseudo Dice: 0.6205999851226807
2025-09-30 01:17:18.485106: 
2025-09-30 01:17:18.490793: Epoch 26
2025-09-30 01:17:18.494890: Current learning rate: 0.00381
2025-09-30 01:19:05.290939: train_loss -0.4596
2025-09-30 01:19:05.302993: val_loss -0.2612
2025-09-30 01:19:05.315743: Pseudo dice [np.float32(0.6492)]
2025-09-30 01:19:05.319867: Epoch time: 106.81 s
2025-09-30 01:19:05.326947: Yayy! New best EMA pseudo Dice: 0.6234999895095825
2025-09-30 01:19:07.649609: 
2025-09-30 01:19:07.654593: Epoch 27
2025-09-30 01:19:07.658981: Current learning rate: 0.00377
2025-09-30 01:20:54.378820: train_loss -0.4676
2025-09-30 01:20:54.384558: val_loss -0.2478
2025-09-30 01:20:54.445930: Pseudo dice [np.float32(0.6767)]
2025-09-30 01:20:54.459266: Epoch time: 106.73 s
2025-09-30 01:20:54.479649: Yayy! New best EMA pseudo Dice: 0.6287999749183655
2025-09-30 01:20:56.739169: 
2025-09-30 01:20:56.744305: Epoch 28
2025-09-30 01:20:56.748707: Current learning rate: 0.00372
2025-09-30 01:22:43.310638: train_loss -0.4745
2025-09-30 01:22:43.344116: val_loss -0.2609
2025-09-30 01:22:43.359946: Pseudo dice [np.float32(0.6098)]
2025-09-30 01:22:43.363675: Epoch time: 106.57 s
2025-09-30 01:22:45.541160: 
2025-09-30 01:22:45.546640: Epoch 29
2025-09-30 01:22:45.550986: Current learning rate: 0.00367
2025-09-30 01:24:32.570037: train_loss -0.4708
2025-09-30 01:24:32.583553: val_loss -0.2689
2025-09-30 01:24:32.588631: Pseudo dice [np.float32(0.645)]
2025-09-30 01:24:32.594293: Epoch time: 107.03 s
2025-09-30 01:24:34.906448: 
2025-09-30 01:24:34.911505: Epoch 30
2025-09-30 01:24:34.916086: Current learning rate: 0.00363
2025-09-30 01:26:21.830748: train_loss -0.4742
2025-09-30 01:26:21.836944: val_loss -0.2548
2025-09-30 01:26:21.843180: Pseudo dice [np.float32(0.6428)]
2025-09-30 01:26:21.850712: Epoch time: 106.93 s
2025-09-30 01:26:21.854815: Yayy! New best EMA pseudo Dice: 0.6301000118255615
2025-09-30 01:26:24.279185: 
2025-09-30 01:26:24.283401: Epoch 31
2025-09-30 01:26:24.287039: Current learning rate: 0.00358
2025-09-30 01:28:11.431740: train_loss -0.4794
2025-09-30 01:28:11.495915: val_loss -0.2541
2025-09-30 01:28:11.499960: Pseudo dice [np.float32(0.6477)]
2025-09-30 01:28:11.519614: Epoch time: 107.15 s
2025-09-30 01:28:11.527718: Yayy! New best EMA pseudo Dice: 0.6319000124931335
2025-09-30 01:28:13.869804: 
2025-09-30 01:28:13.875276: Epoch 32
2025-09-30 01:28:13.879638: Current learning rate: 0.00353
2025-09-30 01:30:00.742552: train_loss -0.4994
2025-09-30 01:30:00.794791: val_loss -0.2538
2025-09-30 01:30:00.818837: Pseudo dice [np.float32(0.6468)]
2025-09-30 01:30:00.822749: Epoch time: 106.87 s
2025-09-30 01:30:00.826014: Yayy! New best EMA pseudo Dice: 0.633400022983551
2025-09-30 01:30:03.362525: 
2025-09-30 01:30:03.366454: Epoch 33
2025-09-30 01:30:03.369406: Current learning rate: 0.00349
2025-09-30 01:31:50.654478: train_loss -0.4985
2025-09-30 01:31:50.709169: val_loss -0.2841
2025-09-30 01:31:50.717365: Pseudo dice [np.float32(0.683)]
2025-09-30 01:31:50.734265: Epoch time: 107.29 s
2025-09-30 01:31:50.742681: Yayy! New best EMA pseudo Dice: 0.6383000016212463
2025-09-30 01:31:53.093354: 
2025-09-30 01:31:53.099153: Epoch 34
2025-09-30 01:31:53.103019: Current learning rate: 0.00344
2025-09-30 01:33:40.301982: train_loss -0.4849
2025-09-30 01:33:40.334622: val_loss -0.2618
2025-09-30 01:33:40.337960: Pseudo dice [np.float32(0.6641)]
2025-09-30 01:33:40.341615: Epoch time: 107.21 s
2025-09-30 01:33:40.345452: Yayy! New best EMA pseudo Dice: 0.6409000158309937
2025-09-30 01:33:43.426353: 
2025-09-30 01:33:43.431252: Epoch 35
2025-09-30 01:33:43.435522: Current learning rate: 0.00339
2025-09-30 01:35:29.737480: train_loss -0.511
2025-09-30 01:35:29.742519: val_loss -0.2626
2025-09-30 01:35:29.773778: Pseudo dice [np.float32(0.6406)]
2025-09-30 01:35:29.799938: Epoch time: 106.31 s
2025-09-30 01:35:31.996987: 
2025-09-30 01:35:32.002547: Epoch 36
2025-09-30 01:35:32.006837: Current learning rate: 0.00335
2025-09-30 01:37:19.769289: train_loss -0.5058
2025-09-30 01:37:19.781985: val_loss -0.2681
2025-09-30 01:37:19.797903: Pseudo dice [np.float32(0.6768)]
2025-09-30 01:37:19.801484: Epoch time: 107.77 s
2025-09-30 01:37:19.805403: Yayy! New best EMA pseudo Dice: 0.6445000171661377
2025-09-30 01:37:22.175699: 
2025-09-30 01:37:22.179427: Epoch 37
2025-09-30 01:37:22.183217: Current learning rate: 0.0033
2025-09-30 01:39:08.698418: train_loss -0.489
2025-09-30 01:39:08.746676: val_loss -0.2398
2025-09-30 01:39:08.800483: Pseudo dice [np.float32(0.6616)]
2025-09-30 01:39:08.804231: Epoch time: 106.52 s
2025-09-30 01:39:08.810734: Yayy! New best EMA pseudo Dice: 0.6462000012397766
2025-09-30 01:39:11.149681: 
2025-09-30 01:39:11.155129: Epoch 38
2025-09-30 01:39:11.158736: Current learning rate: 0.00325
2025-09-30 01:41:01.226894: train_loss -0.4965
2025-09-30 01:41:01.297979: val_loss -0.2709
2025-09-30 01:41:01.303028: Pseudo dice [np.float32(0.6395)]
2025-09-30 01:41:01.306931: Epoch time: 110.08 s
2025-09-30 01:41:03.476583: 
2025-09-30 01:41:03.482266: Epoch 39
2025-09-30 01:41:03.486428: Current learning rate: 0.0032
2025-09-30 01:42:50.167327: train_loss -0.5184
2025-09-30 01:42:50.177466: val_loss -0.2934
2025-09-30 01:42:50.181032: Pseudo dice [np.float32(0.6837)]
2025-09-30 01:42:50.184766: Epoch time: 106.69 s
2025-09-30 01:42:50.188735: Yayy! New best EMA pseudo Dice: 0.6492999792098999
2025-09-30 01:42:52.691710: 
2025-09-30 01:42:52.697740: Epoch 40
2025-09-30 01:42:52.701888: Current learning rate: 0.00316
2025-09-30 01:44:39.363505: train_loss -0.5116
2025-09-30 01:44:39.374167: val_loss -0.2654
2025-09-30 01:44:39.378318: Pseudo dice [np.float32(0.6759)]
2025-09-30 01:44:39.382246: Epoch time: 106.67 s
2025-09-30 01:44:39.386254: Yayy! New best EMA pseudo Dice: 0.6520000100135803
2025-09-30 01:44:42.025784: 
2025-09-30 01:44:42.030860: Epoch 41
2025-09-30 01:44:42.035774: Current learning rate: 0.00311
2025-09-30 01:46:29.092150: train_loss -0.5203
2025-09-30 01:46:29.130943: val_loss -0.2506
2025-09-30 01:46:29.166902: Pseudo dice [np.float32(0.6373)]
2025-09-30 01:46:29.176824: Epoch time: 107.07 s
2025-09-30 01:46:31.817344: 
2025-09-30 01:46:31.823547: Epoch 42
2025-09-30 01:46:31.827246: Current learning rate: 0.00306
2025-09-30 01:48:18.835011: train_loss -0.5257
2025-09-30 01:48:18.863883: val_loss -0.2742
2025-09-30 01:48:18.867796: Pseudo dice [np.float32(0.691)]
2025-09-30 01:48:18.875564: Epoch time: 107.02 s
2025-09-30 01:48:18.884811: Yayy! New best EMA pseudo Dice: 0.6546000242233276
2025-09-30 01:48:21.169603: 
2025-09-30 01:48:21.174363: Epoch 43
2025-09-30 01:48:21.178654: Current learning rate: 0.00301
2025-09-30 01:50:07.293427: train_loss -0.5223
2025-09-30 01:50:07.309500: val_loss -0.3022
2025-09-30 01:50:07.323290: Pseudo dice [np.float32(0.6584)]
2025-09-30 01:50:07.326794: Epoch time: 106.13 s
2025-09-30 01:50:07.330401: Yayy! New best EMA pseudo Dice: 0.6549999713897705
2025-09-30 01:50:10.027054: 
2025-09-30 01:50:10.033629: Epoch 44
2025-09-30 01:50:10.037894: Current learning rate: 0.00297
2025-09-30 01:51:56.450876: train_loss -0.5476
2025-09-30 01:51:56.472805: val_loss -0.2689
2025-09-30 01:51:56.482468: Pseudo dice [np.float32(0.6422)]
2025-09-30 01:51:56.492003: Epoch time: 106.43 s
2025-09-30 01:51:59.040382: 
2025-09-30 01:51:59.045325: Epoch 45
2025-09-30 01:51:59.049316: Current learning rate: 0.00292
2025-09-30 01:53:46.259530: train_loss -0.528
2025-09-30 01:53:46.297378: val_loss -0.2556
2025-09-30 01:53:46.301378: Pseudo dice [np.float32(0.6493)]
2025-09-30 01:53:46.308964: Epoch time: 107.22 s
2025-09-30 01:53:48.276829: 
2025-09-30 01:53:48.282797: Epoch 46
2025-09-30 01:53:48.287263: Current learning rate: 0.00287
2025-09-30 01:55:35.497505: train_loss -0.531
2025-09-30 01:55:35.507963: val_loss -0.3136
2025-09-30 01:55:35.564254: Pseudo dice [np.float32(0.7015)]
2025-09-30 01:55:35.583783: Epoch time: 107.22 s
2025-09-30 01:55:35.592945: Yayy! New best EMA pseudo Dice: 0.6581000089645386
2025-09-30 01:55:37.981907: 
2025-09-30 01:55:37.987403: Epoch 47
2025-09-30 01:55:37.991469: Current learning rate: 0.00282
2025-09-30 01:57:24.936252: train_loss -0.522
2025-09-30 01:57:24.941446: val_loss -0.2953
2025-09-30 01:57:24.945978: Pseudo dice [np.float32(0.6595)]
2025-09-30 01:57:24.954842: Epoch time: 106.96 s
2025-09-30 01:57:24.963403: Yayy! New best EMA pseudo Dice: 0.6582000255584717
2025-09-30 01:57:27.158596: 
2025-09-30 01:57:27.163562: Epoch 48
2025-09-30 01:57:27.166902: Current learning rate: 0.00278
2025-09-30 01:59:13.779096: train_loss -0.5407
2025-09-30 01:59:13.796233: val_loss -0.289
2025-09-30 01:59:13.801214: Pseudo dice [np.float32(0.691)]
2025-09-30 01:59:13.880041: Epoch time: 106.62 s
2025-09-30 01:59:13.894957: Yayy! New best EMA pseudo Dice: 0.6614999771118164
2025-09-30 01:59:16.152758: 
2025-09-30 01:59:16.157528: Epoch 49
2025-09-30 01:59:16.161371: Current learning rate: 0.00273
2025-09-30 02:01:02.542179: train_loss -0.5345
2025-09-30 02:01:02.554699: val_loss -0.2837
2025-09-30 02:01:02.557964: Pseudo dice [np.float32(0.6606)]
2025-09-30 02:01:02.583182: Epoch time: 106.39 s
2025-09-30 02:01:04.803958: 
2025-09-30 02:01:04.808618: Epoch 50
2025-09-30 02:01:04.812811: Current learning rate: 0.00268
2025-09-30 02:02:52.089740: train_loss -0.5546
2025-09-30 02:02:52.102810: val_loss -0.2716
2025-09-30 02:02:52.112921: Pseudo dice [np.float32(0.6627)]
2025-09-30 02:02:52.117286: Epoch time: 107.29 s
2025-09-30 02:02:52.120885: Yayy! New best EMA pseudo Dice: 0.6614999771118164
2025-09-30 02:02:54.910715: 
2025-09-30 02:02:54.915634: Epoch 51
2025-09-30 02:02:54.919925: Current learning rate: 0.00263
2025-09-30 02:04:41.299667: train_loss -0.551
2025-09-30 02:04:41.307270: val_loss -0.2442
2025-09-30 02:04:41.350853: Pseudo dice [np.float32(0.6788)]
2025-09-30 02:04:41.369973: Epoch time: 106.39 s
2025-09-30 02:04:41.376868: Yayy! New best EMA pseudo Dice: 0.6632999777793884
2025-09-30 02:04:43.792537: 
2025-09-30 02:04:43.798259: Epoch 52
2025-09-30 02:04:43.802923: Current learning rate: 0.00258
2025-09-30 02:06:29.993188: train_loss -0.5474
2025-09-30 02:06:30.024099: val_loss -0.244
2025-09-30 02:06:30.036639: Pseudo dice [np.float32(0.662)]
2025-09-30 02:06:30.048852: Epoch time: 106.2 s
2025-09-30 02:06:32.609465: 
2025-09-30 02:06:32.614722: Epoch 53
2025-09-30 02:06:32.619062: Current learning rate: 0.00253
2025-09-30 02:08:19.422223: train_loss -0.5554
2025-09-30 02:08:19.428493: val_loss -0.2755
2025-09-30 02:08:19.450061: Pseudo dice [np.float32(0.6885)]
2025-09-30 02:08:19.502761: Epoch time: 106.81 s
2025-09-30 02:08:19.510990: Yayy! New best EMA pseudo Dice: 0.6657000184059143
2025-09-30 02:08:22.188102: 
2025-09-30 02:08:22.194029: Epoch 54
2025-09-30 02:08:22.197877: Current learning rate: 0.00249
2025-09-30 02:10:08.456498: train_loss -0.5638
2025-09-30 02:10:08.481886: val_loss -0.2839
2025-09-30 02:10:08.487996: Pseudo dice [np.float32(0.6761)]
2025-09-30 02:10:08.506895: Epoch time: 106.27 s
2025-09-30 02:10:08.515666: Yayy! New best EMA pseudo Dice: 0.666700005531311
2025-09-30 02:10:10.760468: 
2025-09-30 02:10:10.766279: Epoch 55
2025-09-30 02:10:10.770838: Current learning rate: 0.00244
2025-09-30 02:11:57.000779: train_loss -0.5612
2025-09-30 02:11:57.023731: val_loss -0.268
2025-09-30 02:11:57.054893: Pseudo dice [np.float32(0.6697)]
2025-09-30 02:11:57.058945: Epoch time: 106.24 s
2025-09-30 02:11:57.061661: Yayy! New best EMA pseudo Dice: 0.6669999957084656
2025-09-30 02:11:59.571885: 
2025-09-30 02:11:59.576208: Epoch 56
2025-09-30 02:11:59.579733: Current learning rate: 0.00239
2025-09-30 02:13:46.393046: train_loss -0.5601
2025-09-30 02:13:46.401811: val_loss -0.2879
2025-09-30 02:13:46.407163: Pseudo dice [np.float32(0.6719)]
2025-09-30 02:13:46.411942: Epoch time: 106.82 s
2025-09-30 02:13:46.425667: Yayy! New best EMA pseudo Dice: 0.6675000190734863
2025-09-30 02:13:48.633448: 
2025-09-30 02:13:48.638303: Epoch 57
2025-09-30 02:13:48.642459: Current learning rate: 0.00234
2025-09-30 02:15:34.753839: train_loss -0.5669
2025-09-30 02:15:34.765305: val_loss -0.2897
2025-09-30 02:15:34.805849: Pseudo dice [np.float32(0.6707)]
2025-09-30 02:15:34.825693: Epoch time: 106.12 s
2025-09-30 02:15:34.871895: Yayy! New best EMA pseudo Dice: 0.6678000092506409
2025-09-30 02:15:37.496969: 
2025-09-30 02:15:37.502162: Epoch 58
2025-09-30 02:15:37.506729: Current learning rate: 0.00229
2025-09-30 02:17:24.018854: train_loss -0.5602
2025-09-30 02:17:24.023366: val_loss -0.2559
2025-09-30 02:17:24.027992: Pseudo dice [np.float32(0.6642)]
2025-09-30 02:17:24.041135: Epoch time: 106.52 s
2025-09-30 02:17:26.173293: 
2025-09-30 02:17:26.179661: Epoch 59
2025-09-30 02:17:26.183706: Current learning rate: 0.00224
2025-09-30 02:19:13.390380: train_loss -0.5727
2025-09-30 02:19:13.421501: val_loss -0.2478
2025-09-30 02:19:13.433717: Pseudo dice [np.float32(0.6387)]
2025-09-30 02:19:13.437286: Epoch time: 107.22 s
2025-09-30 02:19:15.963943: 
2025-09-30 02:19:15.969986: Epoch 60
2025-09-30 02:19:15.974179: Current learning rate: 0.00219
2025-09-30 02:21:02.676519: train_loss -0.581
2025-09-30 02:21:02.697591: val_loss -0.2617
2025-09-30 02:21:02.703157: Pseudo dice [np.float32(0.658)]
2025-09-30 02:21:02.715325: Epoch time: 106.71 s
2025-09-30 02:21:04.968262: 
2025-09-30 02:21:04.973110: Epoch 61
2025-09-30 02:21:04.977352: Current learning rate: 0.00214
2025-09-30 02:22:51.495715: train_loss -0.5715
2025-09-30 02:22:51.502840: val_loss -0.2867
2025-09-30 02:22:51.549338: Pseudo dice [np.float32(0.6788)]
2025-09-30 02:22:51.563095: Epoch time: 106.53 s
2025-09-30 02:22:54.022266: 
2025-09-30 02:22:54.027213: Epoch 62
2025-09-30 02:22:54.031651: Current learning rate: 0.00209
2025-09-30 02:24:40.607534: train_loss -0.5715
2025-09-30 02:24:40.642131: val_loss -0.2605
2025-09-30 02:24:40.683110: Pseudo dice [np.float32(0.6351)]
2025-09-30 02:24:40.686415: Epoch time: 106.59 s
2025-09-30 02:24:42.732994: 
2025-09-30 02:24:42.739104: Epoch 63
2025-09-30 02:24:42.743807: Current learning rate: 0.00204
2025-09-30 02:26:29.522017: train_loss -0.5754
2025-09-30 02:26:29.528386: val_loss -0.2727
2025-09-30 02:26:29.532278: Pseudo dice [np.float32(0.6589)]
2025-09-30 02:26:29.537054: Epoch time: 106.79 s
2025-09-30 02:26:31.517372: 
2025-09-30 02:26:31.522490: Epoch 64
2025-09-30 02:26:31.527377: Current learning rate: 0.00199
2025-09-30 02:28:17.963336: train_loss -0.5824
2025-09-30 02:28:17.978784: val_loss -0.2805
2025-09-30 02:28:18.018171: Pseudo dice [np.float32(0.6569)]
2025-09-30 02:28:18.059012: Epoch time: 106.45 s
2025-09-30 02:28:20.344056: 
2025-09-30 02:28:20.350502: Epoch 65
2025-09-30 02:28:20.355137: Current learning rate: 0.00194
2025-09-30 02:30:07.012266: train_loss -0.5858
2025-09-30 02:30:07.017680: val_loss -0.2658
2025-09-30 02:30:07.021262: Pseudo dice [np.float32(0.6515)]
2025-09-30 02:30:07.024172: Epoch time: 106.67 s
2025-09-30 02:30:08.980454: 
2025-09-30 02:30:08.985892: Epoch 66
2025-09-30 02:30:08.989763: Current learning rate: 0.00189
2025-09-30 02:31:55.528294: train_loss -0.583
2025-09-30 02:31:55.534055: val_loss -0.2363
2025-09-30 02:31:55.553578: Pseudo dice [np.float32(0.6615)]
2025-09-30 02:31:55.557628: Epoch time: 106.55 s
2025-09-30 02:31:57.629913: 
2025-09-30 02:31:57.634995: Epoch 67
2025-09-30 02:31:57.639241: Current learning rate: 0.00184
2025-09-30 02:33:43.069850: train_loss -0.5842
2025-09-30 02:33:43.144438: val_loss -0.2634
2025-09-30 02:33:43.156707: Pseudo dice [np.float32(0.6466)]
2025-09-30 02:33:43.170004: Epoch time: 105.44 s
2025-09-30 02:33:46.316444: 
2025-09-30 02:33:46.321138: Epoch 68
2025-09-30 02:33:46.324983: Current learning rate: 0.00179
2025-09-30 02:35:33.469338: train_loss -0.5846
2025-09-30 02:35:33.474077: val_loss -0.2742
2025-09-30 02:35:33.477851: Pseudo dice [np.float32(0.6516)]
2025-09-30 02:35:33.482153: Epoch time: 107.15 s
2025-09-30 02:35:35.694873: 
2025-09-30 02:35:35.701103: Epoch 69
2025-09-30 02:35:35.705160: Current learning rate: 0.00174
2025-09-30 02:37:22.106723: train_loss -0.5848
2025-09-30 02:37:22.119052: val_loss -0.3139
2025-09-30 02:37:22.125885: Pseudo dice [np.float32(0.6939)]
2025-09-30 02:37:22.133306: Epoch time: 106.41 s
2025-09-30 02:37:24.322073: 
2025-09-30 02:37:24.326979: Epoch 70
2025-09-30 02:37:24.331233: Current learning rate: 0.00169
2025-09-30 02:39:10.965076: train_loss -0.5927
2025-09-30 02:39:10.997076: val_loss -0.3013
2025-09-30 02:39:11.027682: Pseudo dice [np.float32(0.6782)]
2025-09-30 02:39:11.039760: Epoch time: 106.64 s
2025-09-30 02:39:13.255669: 
2025-09-30 02:39:13.261580: Epoch 71
2025-09-30 02:39:13.265466: Current learning rate: 0.00164
2025-09-30 02:41:00.307267: train_loss -0.598
2025-09-30 02:41:00.337044: val_loss -0.2759
2025-09-30 02:41:00.340842: Pseudo dice [np.float32(0.688)]
2025-09-30 02:41:00.362013: Epoch time: 107.05 s
2025-09-30 02:41:02.310846: 
2025-09-30 02:41:02.315759: Epoch 72
2025-09-30 02:41:02.319680: Current learning rate: 0.00159
2025-09-30 02:42:49.128326: train_loss -0.5995
2025-09-30 02:42:49.150244: val_loss -0.2732
2025-09-30 02:42:49.201324: Pseudo dice [np.float32(0.6662)]
2025-09-30 02:42:49.214800: Epoch time: 106.82 s
2025-09-30 02:42:51.148403: 
2025-09-30 02:42:51.154030: Epoch 73
2025-09-30 02:42:51.158736: Current learning rate: 0.00154
2025-09-30 02:44:37.654676: train_loss -0.6021
2025-09-30 02:44:37.721731: val_loss -0.2718
2025-09-30 02:44:37.755231: Pseudo dice [np.float32(0.6719)]
2025-09-30 02:44:37.759479: Epoch time: 106.51 s
2025-09-30 02:44:39.668635: 
2025-09-30 02:44:39.675248: Epoch 74
2025-09-30 02:44:39.679717: Current learning rate: 0.00149
2025-09-30 02:46:26.000057: train_loss -0.5857
2025-09-30 02:46:26.030570: val_loss -0.2784
2025-09-30 02:46:26.041617: Pseudo dice [np.float32(0.6815)]
2025-09-30 02:46:26.049139: Epoch time: 106.33 s
2025-09-30 02:46:26.061079: Yayy! New best EMA pseudo Dice: 0.6680999994277954
2025-09-30 02:46:28.487031: 
2025-09-30 02:46:28.491854: Epoch 75
2025-09-30 02:46:28.496203: Current learning rate: 0.00144
2025-09-30 02:48:14.554083: train_loss -0.5997
2025-09-30 02:48:14.559238: val_loss -0.2955
2025-09-30 02:48:14.563556: Pseudo dice [np.float32(0.6431)]
2025-09-30 02:48:14.568068: Epoch time: 106.07 s
2025-09-30 02:48:16.967512: 
2025-09-30 02:48:16.973803: Epoch 76
2025-09-30 02:48:16.978400: Current learning rate: 0.00138
2025-09-30 02:50:03.549082: train_loss -0.599
2025-09-30 02:50:03.557492: val_loss -0.2558
2025-09-30 02:50:03.565426: Pseudo dice [np.float32(0.6353)]
2025-09-30 02:50:03.575236: Epoch time: 106.58 s
2025-09-30 02:50:05.929952: 
2025-09-30 02:50:05.935091: Epoch 77
2025-09-30 02:50:05.939334: Current learning rate: 0.00133
2025-09-30 02:51:52.669518: train_loss -0.6027
2025-09-30 02:51:52.678436: val_loss -0.2887
2025-09-30 02:51:52.684246: Pseudo dice [np.float32(0.6579)]
2025-09-30 02:51:52.688994: Epoch time: 106.74 s
2025-09-30 02:51:54.693169: 
2025-09-30 02:51:54.698577: Epoch 78
2025-09-30 02:51:54.703021: Current learning rate: 0.00128
2025-09-30 02:53:42.849116: train_loss -0.6091
2025-09-30 02:53:42.855571: val_loss -0.2785
2025-09-30 02:53:42.889284: Pseudo dice [np.float32(0.6869)]
2025-09-30 02:53:42.893314: Epoch time: 108.16 s
2025-09-30 02:53:45.012972: 
2025-09-30 02:53:45.018917: Epoch 79
2025-09-30 02:53:45.023571: Current learning rate: 0.00123
2025-09-30 02:55:31.071931: train_loss -0.6108
2025-09-30 02:55:31.105314: val_loss -0.2806
2025-09-30 02:55:31.128247: Pseudo dice [np.float32(0.6856)]
2025-09-30 02:55:31.147104: Epoch time: 106.06 s
2025-09-30 02:55:33.586056: 
2025-09-30 02:55:33.590491: Epoch 80
2025-09-30 02:55:33.595140: Current learning rate: 0.00117
2025-09-30 02:57:19.251043: train_loss -0.6125
2025-09-30 02:57:19.256684: val_loss -0.26
2025-09-30 02:57:19.260709: Pseudo dice [np.float32(0.6779)]
2025-09-30 02:57:19.264388: Epoch time: 105.67 s
2025-09-30 02:57:21.772207: 
2025-09-30 02:57:21.778222: Epoch 81
2025-09-30 02:57:21.782208: Current learning rate: 0.00112
2025-09-30 02:59:08.139676: train_loss -0.6162
2025-09-30 02:59:08.145678: val_loss -0.2595
2025-09-30 02:59:08.150539: Pseudo dice [np.float32(0.6602)]
2025-09-30 02:59:08.182580: Epoch time: 106.37 s
2025-09-30 02:59:10.181127: 
2025-09-30 02:59:10.186643: Epoch 82
2025-09-30 02:59:10.191022: Current learning rate: 0.00107
2025-09-30 03:00:55.865745: train_loss -0.6157
2025-09-30 03:00:55.879435: val_loss -0.2838
2025-09-30 03:00:55.889997: Pseudo dice [np.float32(0.6574)]
2025-09-30 03:00:55.943926: Epoch time: 105.69 s
2025-09-30 03:00:58.281256: 
2025-09-30 03:00:58.286973: Epoch 83
2025-09-30 03:00:58.291095: Current learning rate: 0.00101
2025-09-30 03:02:45.134555: train_loss -0.6105
2025-09-30 03:02:45.140131: val_loss -0.2635
2025-09-30 03:02:45.164853: Pseudo dice [np.float32(0.6699)]
2025-09-30 03:02:45.215042: Epoch time: 106.85 s
2025-09-30 03:02:48.203498: 
2025-09-30 03:02:48.208519: Epoch 84
2025-09-30 03:02:48.212715: Current learning rate: 0.00096
2025-09-30 03:04:34.790659: train_loss -0.6148
2025-09-30 03:04:34.795031: val_loss -0.241
2025-09-30 03:04:34.808461: Pseudo dice [np.float32(0.6598)]
2025-09-30 03:04:34.817961: Epoch time: 106.59 s
2025-09-30 03:04:36.856597: 
2025-09-30 03:04:36.862043: Epoch 85
2025-09-30 03:04:36.866278: Current learning rate: 0.00091
2025-09-30 03:06:22.910947: train_loss -0.6134
2025-09-30 03:06:22.937567: val_loss -0.2597
2025-09-30 03:06:22.954747: Pseudo dice [np.float32(0.6816)]
2025-09-30 03:06:22.959898: Epoch time: 106.06 s
2025-09-30 03:06:25.285058: 
2025-09-30 03:06:25.291695: Epoch 86
2025-09-30 03:06:25.295981: Current learning rate: 0.00085
2025-09-30 03:08:11.427332: train_loss -0.6284
2025-09-30 03:08:11.444707: val_loss -0.2843
2025-09-30 03:08:11.478675: Pseudo dice [np.float32(0.6603)]
2025-09-30 03:08:11.487612: Epoch time: 106.14 s
2025-09-30 03:08:13.596171: 
2025-09-30 03:08:13.601513: Epoch 87
2025-09-30 03:08:13.605916: Current learning rate: 0.0008
2025-09-30 03:09:59.681540: train_loss -0.6191
2025-09-30 03:09:59.686593: val_loss -0.2952
2025-09-30 03:09:59.693408: Pseudo dice [np.float32(0.689)]
2025-09-30 03:09:59.698338: Epoch time: 106.09 s
2025-09-30 03:09:59.712183: Yayy! New best EMA pseudo Dice: 0.6689000129699707
2025-09-30 03:10:01.984561: 
2025-09-30 03:10:01.988746: Epoch 88
2025-09-30 03:10:01.992617: Current learning rate: 0.00074
2025-09-30 03:11:48.935099: train_loss -0.6392
2025-09-30 03:11:48.968848: val_loss -0.2775
2025-09-30 03:11:48.972512: Pseudo dice [np.float32(0.6682)]
2025-09-30 03:11:48.975554: Epoch time: 106.95 s
2025-09-30 03:11:50.868222: 
2025-09-30 03:11:50.873768: Epoch 89
2025-09-30 03:11:50.877630: Current learning rate: 0.00069
2025-09-30 03:13:37.683169: train_loss -0.6259
2025-09-30 03:13:37.689370: val_loss -0.2613
2025-09-30 03:13:37.698422: Pseudo dice [np.float32(0.6656)]
2025-09-30 03:13:37.702347: Epoch time: 106.82 s
2025-09-30 03:13:39.531759: 
2025-09-30 03:13:39.538850: Epoch 90
2025-09-30 03:13:39.543353: Current learning rate: 0.00063
2025-09-30 03:15:25.990209: train_loss -0.6468
2025-09-30 03:15:26.018448: val_loss -0.2791
2025-09-30 03:15:26.023532: Pseudo dice [np.float32(0.6563)]
2025-09-30 03:15:26.032108: Epoch time: 106.46 s
2025-09-30 03:15:28.239549: 
2025-09-30 03:15:28.243925: Epoch 91
2025-09-30 03:15:28.248411: Current learning rate: 0.00057
2025-09-30 03:17:14.504046: train_loss -0.64
2025-09-30 03:17:14.510713: val_loss -0.2608
2025-09-30 03:17:14.516551: Pseudo dice [np.float32(0.6598)]
2025-09-30 03:17:14.519972: Epoch time: 106.27 s
2025-09-30 03:17:16.568427: 
2025-09-30 03:17:16.574973: Epoch 92
2025-09-30 03:17:16.578391: Current learning rate: 0.00051
2025-09-30 03:19:03.978815: train_loss -0.6326
2025-09-30 03:19:03.992671: val_loss -0.2685
2025-09-30 03:19:04.020471: Pseudo dice [np.float32(0.6227)]
2025-09-30 03:19:04.024747: Epoch time: 107.41 s
2025-09-30 03:19:06.419714: 
2025-09-30 03:19:06.423994: Epoch 93
2025-09-30 03:19:06.427734: Current learning rate: 0.00046
2025-09-30 03:20:52.270051: train_loss -0.6391
2025-09-30 03:20:52.276417: val_loss -0.2601
2025-09-30 03:20:52.288351: Pseudo dice [np.float32(0.6541)]
2025-09-30 03:20:52.347292: Epoch time: 105.85 s
2025-09-30 03:20:54.312038: 
2025-09-30 03:20:54.317944: Epoch 94
2025-09-30 03:20:54.322221: Current learning rate: 0.0004
2025-09-30 03:22:40.460816: train_loss -0.6372
2025-09-30 03:22:40.467927: val_loss -0.2502
2025-09-30 03:22:40.484142: Pseudo dice [np.float32(0.6408)]
2025-09-30 03:22:40.526369: Epoch time: 106.15 s
2025-09-30 03:22:42.628102: 
2025-09-30 03:22:42.634082: Epoch 95
2025-09-30 03:22:42.637906: Current learning rate: 0.00034
2025-09-30 03:24:28.785490: train_loss -0.6464
2025-09-30 03:24:28.835525: val_loss -0.2855
2025-09-30 03:24:28.846624: Pseudo dice [np.float32(0.68)]
2025-09-30 03:24:28.852173: Epoch time: 106.16 s
2025-09-30 03:24:31.045166: 
2025-09-30 03:24:31.051071: Epoch 96
2025-09-30 03:24:31.055965: Current learning rate: 0.00028
2025-09-30 03:26:16.442185: train_loss -0.6419
2025-09-30 03:26:16.524730: val_loss -0.2811
2025-09-30 03:26:16.529273: Pseudo dice [np.float32(0.6765)]
2025-09-30 03:26:16.535021: Epoch time: 105.4 s
2025-09-30 03:26:18.864018: 
2025-09-30 03:26:18.869384: Epoch 97
2025-09-30 03:26:18.873353: Current learning rate: 0.00021
2025-09-30 03:28:05.481411: train_loss -0.6492
2025-09-30 03:28:05.528081: val_loss -0.2958
2025-09-30 03:28:05.563965: Pseudo dice [np.float32(0.6683)]
2025-09-30 03:28:05.579388: Epoch time: 106.62 s
2025-09-30 03:28:07.678734: 
2025-09-30 03:28:07.683650: Epoch 98
2025-09-30 03:28:07.688435: Current learning rate: 0.00015
2025-09-30 03:29:53.267575: train_loss -0.6435
2025-09-30 03:29:53.323481: val_loss -0.2944
2025-09-30 03:29:53.328593: Pseudo dice [np.float32(0.6687)]
2025-09-30 03:29:53.336040: Epoch time: 105.59 s
2025-09-30 03:29:55.495536: 
2025-09-30 03:29:55.501557: Epoch 99
2025-09-30 03:29:55.505648: Current learning rate: 8e-05
2025-09-30 03:31:40.872565: train_loss -0.6495
2025-09-30 03:31:40.944080: val_loss -0.2995
2025-09-30 03:31:40.975047: Pseudo dice [np.float32(0.6739)]
2025-09-30 03:31:41.003628: Epoch time: 105.38 s
2025-09-30 03:31:54.656100: Training done.
2025-09-30 03:32:01.031039: Using splits from existing split file: /home/stud/sazidur/bhome/ELE670_project/nnUNetFrame/dataset/nnUNet_preprocessed/Dataset050_ISLES24_5ch/splits_final.json
2025-09-30 03:32:01.036062: The split file contains 5 splits.
2025-09-30 03:32:01.038597: Desired fold for training: 4
2025-09-30 03:32:01.040871: This split has 108 training and 26 validation cases.
2025-09-30 03:32:01.044653: predicting case_0002
2025-09-30 03:32:01.484547: case_0002, shape torch.Size([5, 65, 398, 322]), rank 0
2025-09-30 03:32:58.036072: predicting case_0015
2025-09-30 03:32:58.380717: case_0015, shape torch.Size([5, 63, 370, 298]), rank 0
2025-09-30 03:33:01.137484: predicting case_0068
2025-09-30 03:33:01.358178: case_0068, shape torch.Size([5, 61, 386, 309]), rank 0
2025-09-30 03:33:04.125438: predicting case_0107
2025-09-30 03:33:04.425599: case_0107, shape torch.Size([5, 66, 388, 321]), rank 0
2025-09-30 03:33:07.203797: predicting case_0141
2025-09-30 03:33:07.496767: case_0141, shape torch.Size([5, 74, 373, 332]), rank 0
2025-09-30 03:33:10.281072: predicting case_0158
2025-09-30 03:33:10.666176: case_0158, shape torch.Size([5, 68, 344, 319]), rank 0
2025-09-30 03:33:13.460217: predicting case_0172
2025-09-30 03:33:17.866393: case_0172, shape torch.Size([5, 68, 383, 287]), rank 0
Using splits from existing split file: /home/stud/sazidur/bhome/ELE670_project/nnUNetFrame/dataset/nnUNet_preprocessed/Dataset050_ISLES24_5ch/splits_final.json
The split file contains 5 splits.
Desired fold for training: 4
This split has 108 training and 26 validation cases.
predicting case_0008
case_0008, shape torch.Size([5, 65, 422, 357]), rank 1
predicting case_0038
case_0038, shape torch.Size([5, 55, 360, 296]), rank 1
predicting case_0086
case_0086, shape torch.Size([5, 58, 363, 302]), rank 1
predicting case_0108
case_0108, shape torch.Size([5, 62, 386, 298]), rank 1
predicting case_0145
case_0145, shape torch.Size([5, 66, 400, 318]), rank 1
predicting case_0159
case_0159, shape torch.Size([5, 64, 376, 311]), rank 1
predicting case_0174
case_0174, shape torch.Size([5, 62, 367, 267]), rank 1
Using splits from existing split file: /home/stud/sazidur/bhome/ELE670_project/nnUNetFrame/dataset/nnUNet_preprocessed/Dataset050_ISLES24_5ch/splits_final.json
The split file contains 5 splits.
Desired fold for training: 4
This split has 108 training and 26 validation cases.
predicting case_0012
case_0012, shape torch.Size([5, 63, 390, 339]), rank 3
predicting case_0054
case_0054, shape torch.Size([5, 61, 395, 315]), rank 3
predicting case_0104
case_0104, shape torch.Size([5, 62, 366, 322]), rank 3
predicting case_0118
case_0118, shape torch.Size([5, 67, 447, 353]), rank 3
predicting case_0154
case_0154, shape torch.Size([5, 66, 390, 318]), rank 3
predicting case_0170
case_0170, shape torch.Size([5, 68, 394, 336]), rank 3
Using splits from existing split file: /home/stud/sazidur/bhome/ELE670_project/nnUNetFrame/dataset/nnUNet_preprocessed/Dataset050_ISLES24_5ch/splits_final.json
The split file contains 5 splits.
Desired fold for training: 4
This split has 108 training and 26 validation cases.
predicting case_0011
case_0011, shape torch.Size([5, 63, 386, 324]), rank 2
predicting case_0048
case_0048, shape torch.Size([5, 63, 357, 320]), rank 2
predicting case_0100
case_0100, shape torch.Size([5, 61, 384, 326]), rank 2
predicting case_0109
case_0109, shape torch.Size([5, 63, 434, 338]), rank 2
predicting case_0153
case_0153, shape torch.Size([5, 68, 396, 319]), rank 2
predicting case_0167
case_0167, shape torch.Size([5, 66, 406, 282]), rank 2
2025-09-30 03:34:53.417758: Validation complete
2025-09-30 03:34:53.423099: Mean Validation Dice:  0.48155039034020153
